2019-05-13 10:37:52,387 [INFO] [restartedMain] com.zwk.movie_recommend.MovieRecommendApiApplication [StartupInfoLogger.java : 50] Starting MovieRecommendApiApplication on DESKTOP-EITRI3U with PID 9280 (D:\WorkPlace\java\idea_workplace\movie_recommend_syetem\movie-recommend-api\target\classes started by zwk in D:\WorkPlace\java\idea_workplace\movie_recommend_syetem\movie-recommend-api)
2019-05-13 10:37:52,389 [DEBUG] [restartedMain] com.zwk.movie_recommend.MovieRecommendApiApplication [StartupInfoLogger.java : 53] Running with Spring Boot v2.0.5.RELEASE, Spring v5.0.9.RELEASE
2019-05-13 10:37:52,390 [INFO] [restartedMain] com.zwk.movie_recommend.MovieRecommendApiApplication [SpringApplication.java : 684] The following profiles are active: dev
2019-05-13 10:37:52,435 [INFO] [restartedMain] o.s.b.w.s.c.AnnotationConfigServletWebServerApplicationContext [AbstractApplicationContext.java : 590] Refreshing org.springframework.boot.web.servlet.context.AnnotationConfigServletWebServerApplicationContext@7dcff9f0: startup date [Mon May 13 10:37:52 CST 2019]; root of context hierarchy
2019-05-13 10:37:53,444 [INFO] [restartedMain] o.s.data.repository.config.RepositoryConfigurationDelegate [RepositoryConfigurationDelegate.java : 172] Multiple Spring Data modules found, entering strict repository configuration mode!
2019-05-13 10:37:53,755 [INFO] [restartedMain] o.s.c.s.PostProcessorRegistrationDelegate$BeanPostProcessorChecker [PostProcessorRegistrationDelegate.java : 326] Bean 'org.springframework.transaction.annotation.ProxyTransactionManagementConfiguration' of type [org.springframework.transaction.annotation.ProxyTransactionManagementConfiguration$$EnhancerBySpringCGLIB$$c2206e8c] is not eligible for getting processed by all BeanPostProcessors (for example: not eligible for auto-proxying)
2019-05-13 10:37:54,157 [INFO] [restartedMain] org.springframework.boot.web.embedded.tomcat.TomcatWebServer [TomcatWebServer.java : 91] Tomcat initialized with port(s): 8082 (http)
2019-05-13 10:37:54,170 [INFO] [restartedMain] org.apache.catalina.core.StandardService [DirectJDKLog.java : 180] Starting service [Tomcat]
2019-05-13 10:37:54,171 [INFO] [restartedMain] org.apache.catalina.core.StandardEngine [DirectJDKLog.java : 180] Starting Servlet Engine: Apache Tomcat/8.5.34
2019-05-13 10:37:54,173 [INFO] [localhost-startStop-1] org.apache.catalina.core.AprLifecycleListener [DirectJDKLog.java : 180] The APR based Apache Tomcat Native library which allows optimal performance in production environments was not found on the java.library.path: [D:\SoftWare\java\jdk8\bin;C:\Windows\Sun\Java\bin;C:\Windows\system32;C:\Windows;D:\SoftWare\xftp6\;C:\ProgramData\Oracle\Java\javapath;C:\Program Files (x86)\Intel\Intel(R) Management Engine Components\iCLS\;C:\Program Files\Intel\Intel(R) Management Engine Components\iCLS\;C:\Windows\system32;C:\Windows;C:\Windows\System32\Wbem;C:\Windows\System32\WindowsPowerShell\v1.0\;C:\Windows\System32\OpenSSH\;C:\Program Files (x86)\Intel\Intel(R) Management Engine Components\DAL;C:\Program Files\Intel\Intel(R) Management Engine Components\DAL;C:\Program Files\Intel\WiFi\bin\;C:\Program Files\Common Files\Intel\WirelessCommon\;C:\Program Files (x86)\NVIDIA Corporation\PhysX\Common;D:\SoftWare\java\jdk8\bin;D:\SoftWare\java\jdk8\jre\bin;C:\Program Files\MySQL\MySQL Utilities 1.6\;D:\SoftWare\SVN\bin;D:\SoftWare\apache-maven-3.5.3\bin;D:\SoftWare\nodejs\;D:\Git\cmd;C:\Users\zwk\AppData\Local\Microsoft\WindowsApps;D:\SoftWare\BandZip\;C:\Users\zwk\AppData\Roaming\npm;D:\SoftWare\VSCode\bin;.]
2019-05-13 10:37:54,364 [INFO] [localhost-startStop-1] org.apache.jasper.servlet.TldScanner [DirectJDKLog.java : 180] At least one JAR was scanned for TLDs yet contained no TLDs. Enable debug logging for this logger for a complete list of JARs that were scanned but no TLDs were found in them. Skipping unneeded JARs during scanning can improve startup time and JSP compilation time.
2019-05-13 10:37:54,373 [INFO] [localhost-startStop-1] o.a.c.c.C.[Tomcat].[localhost].[/movie-recommend-api] [DirectJDKLog.java : 180] Initializing Spring embedded WebApplicationContext
2019-05-13 10:37:54,374 [INFO] [localhost-startStop-1] org.springframework.web.context.ContextLoader [ServletWebServerApplicationContext.java : 285] Root WebApplicationContext: initialization completed in 1939 ms
2019-05-13 10:37:54,469 [INFO] [localhost-startStop-1] org.springframework.boot.web.servlet.ServletRegistrationBean [ServletRegistrationBean.java : 187] Servlet dispatcherServlet mapped to [/]
2019-05-13 10:37:54,471 [INFO] [localhost-startStop-1] org.springframework.boot.web.servlet.ServletRegistrationBean [ServletRegistrationBean.java : 187] Servlet statViewServlet mapped to [/druid/*]
2019-05-13 10:37:54,473 [INFO] [localhost-startStop-1] org.springframework.boot.web.servlet.FilterRegistrationBean [AbstractFilterRegistrationBean.java : 245] Mapping filter: 'characterEncodingFilter' to: [/*]
2019-05-13 10:37:54,473 [INFO] [localhost-startStop-1] org.springframework.boot.web.servlet.FilterRegistrationBean [AbstractFilterRegistrationBean.java : 245] Mapping filter: 'hiddenHttpMethodFilter' to: [/*]
2019-05-13 10:37:54,473 [INFO] [localhost-startStop-1] org.springframework.boot.web.servlet.FilterRegistrationBean [AbstractFilterRegistrationBean.java : 245] Mapping filter: 'httpPutFormContentFilter' to: [/*]
2019-05-13 10:37:54,473 [INFO] [localhost-startStop-1] org.springframework.boot.web.servlet.FilterRegistrationBean [AbstractFilterRegistrationBean.java : 245] Mapping filter: 'requestContextFilter' to: [/*]
2019-05-13 10:37:54,473 [INFO] [localhost-startStop-1] org.springframework.boot.web.servlet.FilterRegistrationBean [AbstractFilterRegistrationBean.java : 258] Mapping filter: 'webStatFilter' to urls: [/*]
2019-05-13 10:37:54,592 [INFO] [restartedMain] c.a.d.spring.boot.autoconfigure.DruidDataSourceAutoConfigure [DruidDataSourceAutoConfigure.java : 56] Init DruidDataSource
2019-05-13 10:37:54,855 [INFO] [restartedMain] com.alibaba.druid.pool.DruidDataSource [DruidDataSource.java : 930] {dataSource-1} inited
2019-05-13 10:37:55,142 [WARN] [restartedMain] com.baomidou.mybatisplus.toolkit.TableInfoHelper [TableInfoHelper.java : 188] Warn: Could not find @TableId in Class: com.zwk.movie_recommend.entity.MovieSimilarEntity.
2019-05-13 10:37:55,142 [WARN] [restartedMain] com.baomidou.mybatisplus.mapper.AutoSqlInjector [AutoSqlInjector.java : 147] class com.zwk.movie_recommend.entity.MovieSimilarEntity ,Not found @TableId annotation, Cannot use Mybatis-Plus 'xxById' Method.
2019-05-13 10:37:55,516 [WARN] [restartedMain] o.s.b.f.annotation.AutowiredAnnotationBeanPostProcessor [AutowiredAnnotationBeanPostProcessor.java : 437] Autowired annotation is not supported on static fields: public static redis.clients.jedis.JedisPool com.zwk.movie_recommend.redis.RedisUtils.JedisPool
2019-05-13 10:37:55,756 [INFO] [restartedMain] o.s.w.s.mvc.method.annotation.RequestMappingHandlerMapping [AbstractHandlerMethodMapping.java : 549] Mapped "{[/loadingmore],methods=[POST]}" onto public com.zwk.movie_recommend.common.ResultView com.zwk.movie_recommend.controller.CustomerController.showloadmore(javax.servlet.http.HttpServletRequest)
2019-05-13 10:37:55,756 [INFO] [restartedMain] o.s.w.s.mvc.method.annotation.RequestMappingHandlerMapping [AbstractHandlerMethodMapping.java : 549] Mapped "{[/likedmovie],methods=[POST]}" onto public java.lang.String com.zwk.movie_recommend.controller.CustomerController.likedmovie(javax.servlet.http.HttpServletRequest) throws java.text.ParseException
2019-05-13 10:37:55,756 [INFO] [restartedMain] o.s.w.s.mvc.method.annotation.RequestMappingHandlerMapping [AbstractHandlerMethodMapping.java : 549] Mapped "{[/getstar],methods=[POST]}" onto public java.lang.String com.zwk.movie_recommend.controller.CustomerController.getstar(javax.servlet.http.HttpServletRequest) throws java.text.ParseException
2019-05-13 10:37:55,757 [INFO] [restartedMain] o.s.w.s.mvc.method.annotation.RequestMappingHandlerMapping [AbstractHandlerMethodMapping.java : 549] Mapped "{[/getSimiMovies],methods=[POST]}" onto public com.zwk.movie_recommend.common.ResultView com.zwk.movie_recommend.controller.CustomerController.getSimiMovies(javax.servlet.http.HttpServletRequest) throws java.text.ParseException
2019-05-13 10:37:55,757 [INFO] [restartedMain] o.s.w.s.mvc.method.annotation.RequestMappingHandlerMapping [AbstractHandlerMethodMapping.java : 549] Mapped "{[/index]}" onto public java.lang.String com.zwk.movie_recommend.controller.CustomerController.showIndex(javax.servlet.http.HttpServletRequest)
2019-05-13 10:37:55,757 [INFO] [restartedMain] o.s.w.s.mvc.method.annotation.RequestMappingHandlerMapping [AbstractHandlerMethodMapping.java : 549] Mapped "{[/homepage]}" onto public java.lang.String com.zwk.movie_recommend.controller.CustomerController.showHomepage(javax.servlet.http.HttpServletRequest)
2019-05-13 10:37:55,757 [INFO] [restartedMain] o.s.w.s.mvc.method.annotation.RequestMappingHandlerMapping [AbstractHandlerMethodMapping.java : 549] Mapped "{[/Customer/Description]}" onto public java.lang.String com.zwk.movie_recommend.controller.CustomerController.GoMoiveDescription(javax.servlet.http.HttpServletRequest)
2019-05-13 10:37:55,758 [INFO] [restartedMain] o.s.w.s.mvc.method.annotation.RequestMappingHandlerMapping [AbstractHandlerMethodMapping.java : 549] Mapped "{[/MovieDescription]}" onto public java.lang.String com.zwk.movie_recommend.controller.CustomerController.showMoiveDescription(javax.servlet.http.HttpServletRequest)
2019-05-13 10:37:55,758 [INFO] [restartedMain] o.s.w.s.mvc.method.annotation.RequestMappingHandlerMapping [AbstractHandlerMethodMapping.java : 549] Mapped "{[/typesortmovie],methods=[POST]}" onto public com.zwk.movie_recommend.common.ResultView com.zwk.movie_recommend.controller.CustomerController.showtypesortmovie(javax.servlet.http.HttpServletRequest)
2019-05-13 10:37:55,758 [INFO] [restartedMain] o.s.w.s.mvc.method.annotation.RequestMappingHandlerMapping [AbstractHandlerMethodMapping.java : 549] Mapped "{[/search],methods=[POST]}" onto public com.zwk.movie_recommend.common.ResultView com.zwk.movie_recommend.controller.MovieController.selectMoviesByName(javax.servlet.http.HttpServletRequest)
2019-05-13 10:37:55,759 [INFO] [restartedMain] o.s.w.s.mvc.method.annotation.RequestMappingHandlerMapping [AbstractHandlerMethodMapping.java : 549] Mapped "{[/customer/register],methods=[POST]}" onto public com.zwk.movie_recommend.common.ResultView com.zwk.movie_recommend.controller.RegisterController.register(com.zwk.movie_recommend.entity.UserEntity,javax.servlet.http.HttpServletRequest)
2019-05-13 10:37:55,759 [INFO] [restartedMain] o.s.w.s.mvc.method.annotation.RequestMappingHandlerMapping [AbstractHandlerMethodMapping.java : 549] Mapped "{[/sendCode]}" onto public com.zwk.movie_recommend.common.ResultView com.zwk.movie_recommend.controller.RegisterController.sendCode(java.lang.String,javax.servlet.http.HttpServletRequest)
2019-05-13 10:37:55,759 [INFO] [restartedMain] o.s.w.s.mvc.method.annotation.RequestMappingHandlerMapping [AbstractHandlerMethodMapping.java : 549] Mapped "{[/customer/checkboth/{paramName}/{paramEmail}/{type}]}" onto public com.zwk.movie_recommend.common.ResultView com.zwk.movie_recommend.controller.RegisterController.checkDataBoth(java.lang.String,java.lang.String,java.lang.Integer)
2019-05-13 10:37:55,759 [INFO] [restartedMain] o.s.w.s.mvc.method.annotation.RequestMappingHandlerMapping [AbstractHandlerMethodMapping.java : 549] Mapped "{[/customer/check/{param}/{type}]}" onto public com.zwk.movie_recommend.common.ResultView com.zwk.movie_recommend.controller.RegisterController.checkData(java.lang.String,java.lang.Integer)
2019-05-13 10:37:55,760 [INFO] [restartedMain] o.s.w.s.mvc.method.annotation.RequestMappingHandlerMapping [AbstractHandlerMethodMapping.java : 549] Mapped "{[/customer/register]}" onto public java.lang.String com.zwk.movie_recommend.controller.RegisterController.reg(javax.servlet.http.HttpServletRequest,org.springframework.ui.Model)
2019-05-13 10:37:55,761 [INFO] [restartedMain] o.s.w.s.mvc.method.annotation.RequestMappingHandlerMapping [AbstractHandlerMethodMapping.java : 549] Mapped "{[/tag/tagList]}" onto public com.zwk.movie_recommend.common.ResultView com.zwk.movie_recommend.controller.TagController.tagList(javax.servlet.http.HttpServletRequest)
2019-05-13 10:37:55,761 [INFO] [restartedMain] o.s.w.s.mvc.method.annotation.RequestMappingHandlerMapping [AbstractHandlerMethodMapping.java : 549] Mapped "{[/page/login]}" onto public java.lang.String com.zwk.movie_recommend.controller.UserController.log()
2019-05-13 10:37:55,762 [INFO] [restartedMain] o.s.w.s.mvc.method.annotation.RequestMappingHandlerMapping [AbstractHandlerMethodMapping.java : 549] Mapped "{[/customer/register/movieSubmit],methods=[POST]}" onto public java.lang.String com.zwk.movie_recommend.controller.UserController.selectedMovie(java.lang.String,javax.servlet.http.HttpServletRequest)
2019-05-13 10:37:55,762 [INFO] [restartedMain] o.s.w.s.mvc.method.annotation.RequestMappingHandlerMapping [AbstractHandlerMethodMapping.java : 549] Mapped "{[/customer/profile]}" onto public java.lang.String com.zwk.movie_recommend.controller.UserController.goProfile(javax.servlet.http.HttpServletRequest)
2019-05-13 10:37:55,762 [INFO] [restartedMain] o.s.w.s.mvc.method.annotation.RequestMappingHandlerMapping [AbstractHandlerMethodMapping.java : 549] Mapped "{[/customer/logout]}" onto public java.lang.String com.zwk.movie_recommend.controller.UserController.pagelogout(javax.servlet.http.HttpServletRequest)
2019-05-13 10:37:55,762 [INFO] [restartedMain] o.s.w.s.mvc.method.annotation.RequestMappingHandlerMapping [AbstractHandlerMethodMapping.java : 549] Mapped "{[/home]}" onto public java.lang.String com.zwk.movie_recommend.controller.UserController.toHome()
2019-05-13 10:37:55,762 [INFO] [restartedMain] o.s.w.s.mvc.method.annotation.RequestMappingHandlerMapping [AbstractHandlerMethodMapping.java : 549] Mapped "{[/updateUser]}" onto public com.zwk.movie_recommend.common.ResultView com.zwk.movie_recommend.controller.UserController.updateUser(com.zwk.movie_recommend.entity.UserEntity,javax.servlet.http.HttpServletRequest)
2019-05-13 10:37:55,763 [INFO] [restartedMain] o.s.w.s.mvc.method.annotation.RequestMappingHandlerMapping [AbstractHandlerMethodMapping.java : 549] Mapped "{[/editUser]}" onto public com.zwk.movie_recommend.common.ResultView com.zwk.movie_recommend.controller.UserController.editUser(java.lang.Long,javax.servlet.http.HttpServletRequest)
2019-05-13 10:37:55,763 [INFO] [restartedMain] o.s.w.s.mvc.method.annotation.RequestMappingHandlerMapping [AbstractHandlerMethodMapping.java : 549] Mapped "{[/profile]}" onto public java.lang.String com.zwk.movie_recommend.controller.UserController.showProfie()
2019-05-13 10:37:55,763 [INFO] [restartedMain] o.s.w.s.mvc.method.annotation.RequestMappingHandlerMapping [AbstractHandlerMethodMapping.java : 549] Mapped "{[/customer/login]}" onto public com.zwk.movie_recommend.common.ResultView com.zwk.movie_recommend.controller.UserController.login(java.lang.String,java.lang.String,javax.servlet.http.HttpServletRequest) throws java.text.ParseException
2019-05-13 10:37:55,763 [INFO] [restartedMain] o.s.w.s.mvc.method.annotation.RequestMappingHandlerMapping [AbstractHandlerMethodMapping.java : 549] Mapped "{[/likedTags],methods=[POST]}" onto public java.lang.String com.zwk.movie_recommend.controller.UserTagController.likedmovie(javax.servlet.http.HttpServletRequest) throws java.text.ParseException
2019-05-13 10:37:55,764 [INFO] [restartedMain] o.s.w.s.mvc.method.annotation.RequestMappingHandlerMapping [AbstractHandlerMethodMapping.java : 549] Mapped "{[/v2/api-docs],methods=[GET],produces=[application/json || application/hal+json]}" onto public org.springframework.http.ResponseEntity<springfox.documentation.spring.web.json.Json> springfox.documentation.swagger2.web.Swagger2Controller.getDocumentation(java.lang.String,javax.servlet.http.HttpServletRequest)
2019-05-13 10:37:55,766 [INFO] [restartedMain] o.s.w.s.mvc.method.annotation.RequestMappingHandlerMapping [AbstractHandlerMethodMapping.java : 549] Mapped "{[/configuration/security]}" onto org.springframework.http.ResponseEntity<springfox.documentation.swagger.web.SecurityConfiguration> springfox.documentation.swagger.web.ApiResourceController.securityConfiguration()
2019-05-13 10:37:55,767 [INFO] [restartedMain] o.s.w.s.mvc.method.annotation.RequestMappingHandlerMapping [AbstractHandlerMethodMapping.java : 549] Mapped "{[/swagger-resources]}" onto org.springframework.http.ResponseEntity<java.util.List<springfox.documentation.swagger.web.SwaggerResource>> springfox.documentation.swagger.web.ApiResourceController.swaggerResources()
2019-05-13 10:37:55,767 [INFO] [restartedMain] o.s.w.s.mvc.method.annotation.RequestMappingHandlerMapping [AbstractHandlerMethodMapping.java : 549] Mapped "{[/configuration/ui]}" onto org.springframework.http.ResponseEntity<springfox.documentation.swagger.web.UiConfiguration> springfox.documentation.swagger.web.ApiResourceController.uiConfiguration()
2019-05-13 10:37:55,769 [INFO] [restartedMain] o.s.w.s.mvc.method.annotation.RequestMappingHandlerMapping [AbstractHandlerMethodMapping.java : 549] Mapped "{[/error]}" onto public org.springframework.http.ResponseEntity<java.util.Map<java.lang.String, java.lang.Object>> org.springframework.boot.autoconfigure.web.servlet.error.BasicErrorController.error(javax.servlet.http.HttpServletRequest)
2019-05-13 10:37:55,769 [INFO] [restartedMain] o.s.w.s.mvc.method.annotation.RequestMappingHandlerMapping [AbstractHandlerMethodMapping.java : 549] Mapped "{[/error],produces=[text/html]}" onto public org.springframework.web.servlet.ModelAndView org.springframework.boot.autoconfigure.web.servlet.error.BasicErrorController.errorHtml(javax.servlet.http.HttpServletRequest,javax.servlet.http.HttpServletResponse)
2019-05-13 10:37:55,830 [INFO] [restartedMain] com.zwk.movie_recommend.config.RedisConfig [RedisConfig.java : 47] ===================JedisPool注入成功===================
2019-05-13 10:37:55,831 [INFO] [restartedMain] com.zwk.movie_recommend.config.RedisConfig [RedisConfig.java : 48] ============redis地址：192.168.83.128:6379===========
2019-05-13 10:37:55,837 [INFO] [restartedMain] com.zwk.movie_recommend.config.RedisConfig [RedisConfig.java : 62] ===================redis初始化!!!===================
2019-05-13 10:37:55,896 [INFO] [restartedMain] o.s.web.servlet.handler.SimpleUrlHandlerMapping [AbstractUrlHandlerMapping.java : 373] Mapped URL path [/**/favicon.ico] onto handler of type [class org.springframework.web.servlet.resource.ResourceHttpRequestHandler]
2019-05-13 10:37:56,017 [INFO] [restartedMain] o.s.w.s.mvc.method.annotation.RequestMappingHandlerAdapter [RequestMappingHandlerAdapter.java : 588] Looking for @ControllerAdvice: org.springframework.boot.web.servlet.context.AnnotationConfigServletWebServerApplicationContext@7dcff9f0: startup date [Mon May 13 10:37:52 CST 2019]; root of context hierarchy
2019-05-13 10:37:56,044 [INFO] [restartedMain] o.s.web.servlet.handler.SimpleUrlHandlerMapping [AbstractUrlHandlerMapping.java : 360] Root mapping to handler of type [class org.springframework.web.servlet.mvc.ParameterizableViewController]
2019-05-13 10:37:56,055 [INFO] [restartedMain] o.s.web.servlet.handler.SimpleUrlHandlerMapping [AbstractUrlHandlerMapping.java : 373] Mapped URL path [/webjars/**] onto handler of type [class org.springframework.web.servlet.resource.ResourceHttpRequestHandler]
2019-05-13 10:37:56,055 [INFO] [restartedMain] o.s.web.servlet.handler.SimpleUrlHandlerMapping [AbstractUrlHandlerMapping.java : 373] Mapped URL path [/**] onto handler of type [class org.springframework.web.servlet.resource.ResourceHttpRequestHandler]
2019-05-13 10:37:56,072 [INFO] [restartedMain] o.s.w.s.m.m.annotation.ExceptionHandlerExceptionResolver [ExceptionHandlerExceptionResolver.java : 288] Detected @ExceptionHandler methods in baseException
2019-05-13 10:37:56,119 [INFO] [restartedMain] o.s.boot.autoconfigure.web.servlet.WelcomePageHandlerMapping [WelcomePageHandlerMapping.java : 61] Adding welcome page template: index
2019-05-13 10:37:56,304 [INFO] [restartedMain] org.springframework.ui.freemarker.SpringTemplateLoader [SpringTemplateLoader.java : 62] SpringTemplateLoader for FreeMarker: using resource loader [org.springframework.boot.web.servlet.context.AnnotationConfigServletWebServerApplicationContext@7dcff9f0: startup date [Mon May 13 10:37:52 CST 2019]; root of context hierarchy] and template loader path [classpath:/templates/]
2019-05-13 10:37:56,305 [INFO] [restartedMain] o.s.web.servlet.view.freemarker.FreeMarkerConfigurer [FreeMarkerConfigurer.java : 131] ClassTemplateLoader for Spring macros added to FreeMarker configuration
2019-05-13 10:37:56,415 [INFO] [restartedMain] o.s.boot.devtools.autoconfigure.OptionalLiveReloadServer [OptionalLiveReloadServer.java : 57] LiveReload server is running on port 35729
2019-05-13 10:37:56,450 [INFO] [restartedMain] o.s.jmx.export.annotation.AnnotationMBeanExporter [MBeanExporter.java : 433] Registering beans for JMX exposure on startup
2019-05-13 10:37:56,452 [INFO] [restartedMain] o.s.jmx.export.annotation.AnnotationMBeanExporter [MBeanExporter.java : 895] Bean with name 'statFilter' has been autodetected for JMX exposure
2019-05-13 10:37:56,452 [INFO] [restartedMain] o.s.jmx.export.annotation.AnnotationMBeanExporter [MBeanExporter.java : 895] Bean with name 'dataSource' has been autodetected for JMX exposure
2019-05-13 10:37:56,456 [INFO] [restartedMain] o.s.jmx.export.annotation.AnnotationMBeanExporter [MBeanExporter.java : 668] Located MBean 'dataSource': registering with JMX server as MBean [com.alibaba.druid.spring.boot.autoconfigure:name=dataSource,type=DruidDataSourceWrapper]
2019-05-13 10:37:56,457 [INFO] [restartedMain] o.s.jmx.export.annotation.AnnotationMBeanExporter [MBeanExporter.java : 668] Located MBean 'statFilter': registering with JMX server as MBean [com.alibaba.druid.filter.stat:name=statFilter,type=StatFilter]
2019-05-13 10:37:56,466 [INFO] [restartedMain] o.s.s.annotation.ScheduledAnnotationBeanPostProcessor [ScheduledAnnotationBeanPostProcessor.java : 276] No TaskScheduler/ScheduledExecutorService bean found for scheduled processing
2019-05-13 10:37:56,471 [INFO] [restartedMain] s.d.spring.web.plugins.DocumentationPluginsBootstrapper [DocumentationPluginsBootstrapper.java : 84] Context refreshed
2019-05-13 10:37:56,481 [INFO] [restartedMain] s.d.spring.web.plugins.DocumentationPluginsBootstrapper [DocumentationPluginsBootstrapper.java : 87] Found 1 custom documentation plugin(s)
2019-05-13 10:37:56,487 [INFO] [restartedMain] s.d.spring.web.scanners.ApiListingReferenceScanner [ApiListingReferenceScanner.java : 44] Scanning for api listing references
2019-05-13 10:37:56,586 [INFO] [restartedMain] org.springframework.boot.web.embedded.tomcat.TomcatWebServer [TomcatWebServer.java : 206] Tomcat started on port(s): 8082 (http) with context path '/movie-recommend-api'
2019-05-13 10:37:56,589 [INFO] [restartedMain] com.zwk.movie_recommend.MovieRecommendApiApplication [StartupInfoLogger.java : 59] Started MovieRecommendApiApplication in 4.552 seconds (JVM running for 6.318)
2019-05-13 10:37:56,592 [INFO] [restartedMain] com.zwk.movie_recommend.redis.CacheData [CacheData.java : 63] 开始初始化缓存数据
2019-05-13 10:37:56,592 [INFO] [restartedMain] com.zwk.movie_recommend.redis.CacheData [CacheData.java : 64] -----------------
2019-05-13 10:37:56,608 [DEBUG] [restartedMain] com.zwk.movie_recommend.dao.MovieDao.getAllMovie [BaseJdbcLogger.java : 159] ==>  Preparing: select * from movie where 1=1 
2019-05-13 10:37:56,621 [DEBUG] [restartedMain] com.zwk.movie_recommend.dao.MovieDao.getAllMovie [BaseJdbcLogger.java : 159] ==> Parameters: 
2019-05-13 10:37:58,274 [DEBUG] [restartedMain] com.zwk.movie_recommend.dao.MovieDao.getAllMovie [BaseJdbcLogger.java : 159] <==      Total: 50581
2019-05-13 10:37:58,286 [DEBUG] [restartedMain] com.zwk.movie_recommend.dao.MovieSimilarDao.getList [BaseJdbcLogger.java : 159] ==>  Preparing: select * from movie_similar where 1=1 
2019-05-13 10:37:58,286 [DEBUG] [restartedMain] com.zwk.movie_recommend.dao.MovieSimilarDao.getList [BaseJdbcLogger.java : 159] ==> Parameters: 
2019-05-13 10:37:58,636 [DEBUG] [restartedMain] com.zwk.movie_recommend.dao.MovieSimilarDao.getList [BaseJdbcLogger.java : 159] <==      Total: 68908
2019-05-13 10:37:58,640 [DEBUG] [restartedMain] com.zwk.movie_recommend.dao.MovieTagRelationDao.getList [BaseJdbcLogger.java : 159] ==>  Preparing: select * from movie_tag_relation where 1=1 
2019-05-13 10:37:58,640 [DEBUG] [restartedMain] com.zwk.movie_recommend.dao.MovieTagRelationDao.getList [BaseJdbcLogger.java : 159] ==> Parameters: 
2019-05-13 10:37:58,935 [DEBUG] [restartedMain] com.zwk.movie_recommend.dao.MovieTagRelationDao.getList [BaseJdbcLogger.java : 159] <==      Total: 88870
2019-05-13 10:37:58,936 [INFO] [restartedMain] com.zwk.movie_recommend.redis.CacheData [CacheData.java : 68] 开始初始化电影数据···
2019-05-13 10:37:59,308 [INFO] [restartedMain] io.lettuce.core.EpollProvider [Slf4JLogger.java : 101] Starting without optional epoll library
2019-05-13 10:37:59,312 [INFO] [restartedMain] io.lettuce.core.KqueueProvider [Slf4JLogger.java : 101] Starting without optional kqueue library
2019-05-13 10:38:07,355 [INFO] [http-nio-8082-exec-1] o.a.c.c.C.[Tomcat].[localhost].[/movie-recommend-api] [DirectJDKLog.java : 180] Initializing Spring FrameworkServlet 'dispatcherServlet'
2019-05-13 10:38:07,356 [INFO] [http-nio-8082-exec-1] org.springframework.web.servlet.DispatcherServlet [FrameworkServlet.java : 494] FrameworkServlet 'dispatcherServlet': initialization started
2019-05-13 10:38:07,383 [INFO] [http-nio-8082-exec-1] org.springframework.web.servlet.DispatcherServlet [FrameworkServlet.java : 509] FrameworkServlet 'dispatcherServlet': initialization completed in 27 ms
2019-05-13 10:38:21,000 [DEBUG] [http-nio-8082-exec-13] com.zwk.movie_recommend.dao.UserDao.login [BaseJdbcLogger.java : 159] ==>  Preparing: select * from user where user_name='zhengwen' 
2019-05-13 10:38:21,001 [DEBUG] [http-nio-8082-exec-13] com.zwk.movie_recommend.dao.UserDao.login [BaseJdbcLogger.java : 159] ==> Parameters: 
2019-05-13 10:38:21,005 [DEBUG] [http-nio-8082-exec-13] com.zwk.movie_recommend.dao.UserDao.login [BaseJdbcLogger.java : 159] <==      Total: 1
2019-05-13 10:38:22,013 [DEBUG] [http-nio-8082-exec-7] com.zwk.movie_recommend.dao.RecommendRecordDao.getByUserId [BaseJdbcLogger.java : 159] ==>  Preparing: select * from recommend_record where user_id=? 
2019-05-13 10:38:22,014 [DEBUG] [http-nio-8082-exec-7] com.zwk.movie_recommend.dao.RecommendRecordDao.getByUserId [BaseJdbcLogger.java : 159] ==> Parameters: 23(Long)
2019-05-13 10:38:22,017 [DEBUG] [http-nio-8082-exec-7] com.zwk.movie_recommend.dao.RecommendRecordDao.getByUserId [BaseJdbcLogger.java : 159] <==      Total: 4
2019-05-13 10:38:22,027 [DEBUG] [http-nio-8082-exec-7] com.zwk.movie_recommend.dao.RecommendRelationDao.getList [BaseJdbcLogger.java : 159] ==>  Preparing: select m.* from recommend_relation rr LEFT JOIN movie m on m.movie_id=rr.movie_id where 1=1 and rr.user_id= 23 
2019-05-13 10:38:22,027 [DEBUG] [http-nio-8082-exec-7] com.zwk.movie_recommend.dao.RecommendRelationDao.getList [BaseJdbcLogger.java : 159] ==> Parameters: 
2019-05-13 10:38:22,032 [DEBUG] [http-nio-8082-exec-7] com.zwk.movie_recommend.dao.RecommendRelationDao.getList [BaseJdbcLogger.java : 159] <==      Total: 2
2019-05-13 10:38:22,039 [DEBUG] [http-nio-8082-exec-7] com.zwk.movie_recommend.dao.HeatMovieDao.getTop10List [BaseJdbcLogger.java : 159] ==>  Preparing: select m.* from heat_movie hm left JOIN movie m on hm.movie_id=m.movie_id ORDER BY hm.update_date desc limit 0,10 
2019-05-13 10:38:22,039 [DEBUG] [http-nio-8082-exec-7] com.zwk.movie_recommend.dao.HeatMovieDao.getTop10List [BaseJdbcLogger.java : 159] ==> Parameters: 
2019-05-13 10:38:22,046 [DEBUG] [http-nio-8082-exec-7] com.zwk.movie_recommend.dao.HeatMovieDao.getTop10List [BaseJdbcLogger.java : 159] <==      Total: 10
2019-05-13 10:38:29,935 [DEBUG] [http-nio-8082-exec-9] com.zwk.movie_recommend.dao.MovieDao.selectByName [BaseJdbcLogger.java : 159] ==>  Preparing: select * from movie where movie_name like '%te%' 
2019-05-13 10:38:29,935 [DEBUG] [http-nio-8082-exec-9] com.zwk.movie_recommend.dao.MovieDao.selectByName [BaseJdbcLogger.java : 159] ==> Parameters: 
2019-05-13 10:38:29,997 [DEBUG] [http-nio-8082-exec-19] com.zwk.movie_recommend.dao.MovieDao.selectByName [BaseJdbcLogger.java : 159] ==>  Preparing: select * from movie where movie_name like '%te%' 
2019-05-13 10:38:29,997 [DEBUG] [http-nio-8082-exec-19] com.zwk.movie_recommend.dao.MovieDao.selectByName [BaseJdbcLogger.java : 159] ==> Parameters: 
2019-05-13 10:38:30,194 [DEBUG] [http-nio-8082-exec-15] com.zwk.movie_recommend.dao.MovieDao.selectByName [BaseJdbcLogger.java : 159] ==>  Preparing: select * from movie where movie_name like '%tes%' 
2019-05-13 10:38:30,194 [DEBUG] [http-nio-8082-exec-15] com.zwk.movie_recommend.dao.MovieDao.selectByName [BaseJdbcLogger.java : 159] ==> Parameters: 
2019-05-13 10:38:30,392 [DEBUG] [http-nio-8082-exec-9] com.zwk.movie_recommend.dao.MovieDao.selectByName [BaseJdbcLogger.java : 159] <==      Total: 5299
2019-05-13 10:38:30,399 [DEBUG] [http-nio-8082-exec-19] com.zwk.movie_recommend.dao.MovieDao.selectByName [BaseJdbcLogger.java : 159] <==      Total: 5299
2019-05-13 10:38:30,530 [DEBUG] [http-nio-8082-exec-15] com.zwk.movie_recommend.dao.MovieDao.selectByName [BaseJdbcLogger.java : 159] <==      Total: 283
2019-05-13 10:38:31,803 [DEBUG] [http-nio-8082-exec-11] com.zwk.movie_recommend.dao.MovieTagRelationDao.getByMovieId [BaseJdbcLogger.java : 159] ==>  Preparing: select * from movie_tag_relation where movie_id=80 
2019-05-13 10:38:31,803 [DEBUG] [http-nio-8082-exec-11] com.zwk.movie_recommend.dao.MovieTagRelationDao.getByMovieId [BaseJdbcLogger.java : 159] ==> Parameters: 
2019-05-13 10:38:31,837 [DEBUG] [http-nio-8082-exec-11] com.zwk.movie_recommend.dao.MovieTagRelationDao.getByMovieId [BaseJdbcLogger.java : 159] <==      Total: 2
2019-05-13 10:38:31,838 [DEBUG] [http-nio-8082-exec-11] c.z.movie_recommend.dao.MovieTagRelationDao.getMovieByTagId [BaseJdbcLogger.java : 159] ==>  Preparing: SELECT m.* FROM( SELECT * FROM movie_tag_relation WHERE tag_id = 19) mtr LEFT JOIN ( SELECT * FROM movie WHERE movie_averating = 5) m ON mtr.movie_id = m.movie_id ORDER BY m.movie_averating DESC,m.movie_rate_num 
2019-05-13 10:38:31,839 [DEBUG] [http-nio-8082-exec-11] c.z.movie_recommend.dao.MovieTagRelationDao.getMovieByTagId [BaseJdbcLogger.java : 159] ==> Parameters: 
2019-05-13 10:38:32,121 [INFO] [restartedMain] com.zwk.movie_recommend.redis.CacheData [CacheData.java : 73] 结束初始化电影数据
2019-05-13 10:38:32,121 [INFO] [restartedMain] com.zwk.movie_recommend.redis.CacheData [CacheData.java : 74] ·········
2019-05-13 10:38:32,121 [INFO] [restartedMain] com.zwk.movie_recommend.redis.CacheData [CacheData.java : 75] 开始初始化电影相似度数据···
2019-05-13 10:38:32,189 [DEBUG] [http-nio-8082-exec-11] c.z.movie_recommend.dao.MovieTagRelationDao.getMovieByTagId [BaseJdbcLogger.java : 159] <==      Total: 2913
2019-05-13 10:38:32,190 [DEBUG] [http-nio-8082-exec-11] c.z.movie_recommend.dao.MovieTagRelationDao.getMovieByTagId [BaseJdbcLogger.java : 159] ==>  Preparing: SELECT m.* FROM( SELECT * FROM movie_tag_relation WHERE tag_id = 8) mtr LEFT JOIN ( SELECT * FROM movie WHERE movie_averating = 5) m ON mtr.movie_id = m.movie_id ORDER BY m.movie_averating DESC,m.movie_rate_num 
2019-05-13 10:38:32,190 [DEBUG] [http-nio-8082-exec-11] c.z.movie_recommend.dao.MovieTagRelationDao.getMovieByTagId [BaseJdbcLogger.java : 159] ==> Parameters: 
2019-05-13 10:38:32,726 [DEBUG] [http-nio-8082-exec-11] c.z.movie_recommend.dao.MovieTagRelationDao.getMovieByTagId [BaseJdbcLogger.java : 159] <==      Total: 21444
2019-05-13 10:38:32,730 [DEBUG] [http-nio-8082-exec-11] com.zwk.movie_recommend.dao.SearchRecordDao.getMaxId [BaseJdbcLogger.java : 159] ==>  Preparing: select max(search_record_id)+1 from search_record where 1=1 
2019-05-13 10:38:32,731 [DEBUG] [http-nio-8082-exec-11] com.zwk.movie_recommend.dao.SearchRecordDao.getMaxId [BaseJdbcLogger.java : 159] ==> Parameters: 
2019-05-13 10:38:32,733 [DEBUG] [http-nio-8082-exec-11] com.zwk.movie_recommend.dao.SearchRecordDao.getMaxId [BaseJdbcLogger.java : 159] <==      Total: 1
2019-05-13 10:38:32,737 [DEBUG] [http-nio-8082-exec-11] com.zwk.movie_recommend.dao.SearchRecordDao.insert [BaseJdbcLogger.java : 159] ==>  Preparing: INSERT INTO search_record ( search_record_id, user_id, search_info, search_date, movie_id ) VALUES ( ?, ?, ?, ?, ? ) 
2019-05-13 10:38:32,739 [DEBUG] [http-nio-8082-exec-11] com.zwk.movie_recommend.dao.SearchRecordDao.insert [BaseJdbcLogger.java : 159] ==> Parameters: 123(Long), 23(Long), tes(String), 2019-05-13 10:38:32.733(Timestamp), 80(Long)
2019-05-13 10:38:32,743 [DEBUG] [http-nio-8082-exec-11] com.zwk.movie_recommend.dao.SearchRecordDao.insert [BaseJdbcLogger.java : 159] <==    Updates: 1
2019-05-13 10:38:32,747 [DEBUG] [http-nio-8082-exec-11] com.zwk.movie_recommend.dao.CommentRecordDao.getList [BaseJdbcLogger.java : 159] ==>  Preparing: select * from comment_record where 1=1 and user_id =23 and movie_id =80 
2019-05-13 10:38:32,747 [DEBUG] [http-nio-8082-exec-11] com.zwk.movie_recommend.dao.CommentRecordDao.getList [BaseJdbcLogger.java : 159] ==> Parameters: 
2019-05-13 10:38:32,751 [DEBUG] [http-nio-8082-exec-11] com.zwk.movie_recommend.dao.CommentRecordDao.getList [BaseJdbcLogger.java : 159] <==      Total: 0
2019-05-13 10:38:32,755 [DEBUG] [http-nio-8082-exec-11] com.zwk.movie_recommend.dao.CollectDetailDao.getList [BaseJdbcLogger.java : 159] ==>  Preparing: select * from collect_detail where 1=1 and user_id= 23 and movie_id= 80 
2019-05-13 10:38:32,756 [DEBUG] [http-nio-8082-exec-11] com.zwk.movie_recommend.dao.CollectDetailDao.getList [BaseJdbcLogger.java : 159] ==> Parameters: 
2019-05-13 10:38:32,759 [DEBUG] [http-nio-8082-exec-11] com.zwk.movie_recommend.dao.CollectDetailDao.getList [BaseJdbcLogger.java : 159] <==      Total: 0
2019-05-13 10:38:32,760 [DEBUG] [http-nio-8082-exec-11] com.zwk.movie_recommend.dao.CollectRecordDao.judgeIsLike [BaseJdbcLogger.java : 159] ==>  Preparing: select count(*) from collect_record where user_id=? and movie_ids like '%,1%.' 
2019-05-13 10:38:32,760 [DEBUG] [http-nio-8082-exec-11] com.zwk.movie_recommend.dao.CollectRecordDao.judgeIsLike [BaseJdbcLogger.java : 159] ==> Parameters: 80(String)
2019-05-13 10:38:32,763 [DEBUG] [http-nio-8082-exec-11] com.zwk.movie_recommend.dao.CollectRecordDao.judgeIsLike [BaseJdbcLogger.java : 159] <==      Total: 1
2019-05-13 10:38:32,764 [DEBUG] [http-nio-8082-exec-11] com.zwk.movie_recommend.dao.RecommendRecordDao.getMaxId [BaseJdbcLogger.java : 159] ==>  Preparing: select max(recommend_record_id)+1 from recommend_record where 1=1 
2019-05-13 10:38:32,764 [DEBUG] [http-nio-8082-exec-11] com.zwk.movie_recommend.dao.RecommendRecordDao.getMaxId [BaseJdbcLogger.java : 159] ==> Parameters: 
2019-05-13 10:38:32,766 [DEBUG] [http-nio-8082-exec-11] com.zwk.movie_recommend.dao.RecommendRecordDao.getMaxId [BaseJdbcLogger.java : 159] <==      Total: 1
2019-05-13 10:38:32,767 [DEBUG] [http-nio-8082-exec-11] com.zwk.movie_recommend.dao.RecommendRecordDao.insert [BaseJdbcLogger.java : 159] ==>  Preparing: INSERT INTO recommend_record ( recommend_record_id, user_id, recommend_date, movie_ids ) VALUES ( ?, ?, ?, ? ) 
2019-05-13 10:38:32,767 [DEBUG] [http-nio-8082-exec-11] com.zwk.movie_recommend.dao.RecommendRecordDao.insert [BaseJdbcLogger.java : 159] ==> Parameters: 20(Long), 23(Long), 2019-05-13 10:38:32.766(Timestamp), 184663,185265,(String)
2019-05-13 10:38:32,770 [DEBUG] [http-nio-8082-exec-11] com.zwk.movie_recommend.dao.RecommendRecordDao.insert [BaseJdbcLogger.java : 159] <==    Updates: 1
2019-05-13 10:38:32,773 [DEBUG] [http-nio-8082-exec-11] com.zwk.movie_recommend.dao.RecommendRelationDao.getMaxId [BaseJdbcLogger.java : 159] ==>  Preparing: select max(recommend_relation_id)+1 from recommend_relation where 1=1 
2019-05-13 10:38:32,773 [DEBUG] [http-nio-8082-exec-11] com.zwk.movie_recommend.dao.RecommendRelationDao.getMaxId [BaseJdbcLogger.java : 159] ==> Parameters: 
2019-05-13 10:38:32,774 [DEBUG] [http-nio-8082-exec-11] com.zwk.movie_recommend.dao.RecommendRelationDao.getMaxId [BaseJdbcLogger.java : 159] <==      Total: 1
2019-05-13 10:38:32,775 [DEBUG] [http-nio-8082-exec-11] com.zwk.movie_recommend.dao.RecommendRelationDao.insert [BaseJdbcLogger.java : 159] ==>  Preparing: INSERT INTO recommend_relation ( recommend_relation_id, user_id, movie_id, recommend_score ) VALUES ( ?, ?, ?, ? ) 
2019-05-13 10:38:32,776 [DEBUG] [http-nio-8082-exec-11] com.zwk.movie_recommend.dao.RecommendRelationDao.insert [BaseJdbcLogger.java : 159] ==> Parameters: 35(Long), 23(Long), 184663(Long), 5.0(Double)
2019-05-13 10:38:32,780 [DEBUG] [http-nio-8082-exec-11] com.zwk.movie_recommend.dao.RecommendRelationDao.insert [BaseJdbcLogger.java : 159] <==    Updates: 1
2019-05-13 10:38:32,780 [DEBUG] [http-nio-8082-exec-11] com.zwk.movie_recommend.dao.RecommendRelationDao.getMaxId [BaseJdbcLogger.java : 159] ==>  Preparing: select max(recommend_relation_id)+1 from recommend_relation where 1=1 
2019-05-13 10:38:32,781 [DEBUG] [http-nio-8082-exec-11] com.zwk.movie_recommend.dao.RecommendRelationDao.getMaxId [BaseJdbcLogger.java : 159] ==> Parameters: 
2019-05-13 10:38:32,781 [DEBUG] [http-nio-8082-exec-11] com.zwk.movie_recommend.dao.RecommendRelationDao.getMaxId [BaseJdbcLogger.java : 159] <==      Total: 1
2019-05-13 10:38:32,782 [DEBUG] [http-nio-8082-exec-11] com.zwk.movie_recommend.dao.RecommendRelationDao.insert [BaseJdbcLogger.java : 159] ==>  Preparing: INSERT INTO recommend_relation ( recommend_relation_id, user_id, movie_id, recommend_score ) VALUES ( ?, ?, ?, ? ) 
2019-05-13 10:38:32,783 [DEBUG] [http-nio-8082-exec-11] com.zwk.movie_recommend.dao.RecommendRelationDao.insert [BaseJdbcLogger.java : 159] ==> Parameters: 36(Long), 23(Long), 185265(Long), 5.0(Double)
2019-05-13 10:38:32,786 [DEBUG] [http-nio-8082-exec-11] com.zwk.movie_recommend.dao.RecommendRelationDao.insert [BaseJdbcLogger.java : 159] <==    Updates: 1
2019-05-13 10:38:34,866 [DEBUG] [http-nio-8082-exec-18] com.zwk.movie_recommend.dao.CommentRecordDao.getList [BaseJdbcLogger.java : 159] ==>  Preparing: select * from comment_record where 1=1 and user_id=23 
2019-05-13 10:38:34,867 [DEBUG] [http-nio-8082-exec-18] com.zwk.movie_recommend.dao.CommentRecordDao.getList [BaseJdbcLogger.java : 159] ==> Parameters: 
2019-05-13 10:38:34,869 [DEBUG] [http-nio-8082-exec-18] com.zwk.movie_recommend.dao.CommentRecordDao.getList [BaseJdbcLogger.java : 159] <==      Total: 10
2019-05-13 10:38:34,873 [DEBUG] [http-nio-8082-exec-18] com.zwk.movie_recommend.dao.CollectRecordDao.getLsit [BaseJdbcLogger.java : 159] ==>  Preparing: select * from collect_record where 1=1 and user_id= 23 
2019-05-13 10:38:34,873 [DEBUG] [http-nio-8082-exec-18] com.zwk.movie_recommend.dao.CollectRecordDao.getLsit [BaseJdbcLogger.java : 159] ==> Parameters: 
2019-05-13 10:38:34,874 [DEBUG] [http-nio-8082-exec-18] com.zwk.movie_recommend.dao.CollectRecordDao.getLsit [BaseJdbcLogger.java : 159] <==      Total: 1
2019-05-13 10:38:34,874 [DEBUG] [http-nio-8082-exec-18] com.zwk.movie_recommend.dao.MovieDao.getByMovieId [BaseJdbcLogger.java : 159] ==>  Preparing: select * from movie where movie_id=13 
2019-05-13 10:38:34,875 [DEBUG] [http-nio-8082-exec-18] com.zwk.movie_recommend.dao.MovieDao.getByMovieId [BaseJdbcLogger.java : 159] ==> Parameters: 
2019-05-13 10:38:34,875 [DEBUG] [http-nio-8082-exec-18] com.zwk.movie_recommend.dao.MovieDao.getByMovieId [BaseJdbcLogger.java : 159] <==      Total: 1
2019-05-13 10:38:34,876 [DEBUG] [http-nio-8082-exec-18] com.zwk.movie_recommend.dao.MovieDao.getByMovieId [BaseJdbcLogger.java : 159] ==>  Preparing: select * from movie where movie_id=71 
2019-05-13 10:38:34,876 [DEBUG] [http-nio-8082-exec-18] com.zwk.movie_recommend.dao.MovieDao.getByMovieId [BaseJdbcLogger.java : 159] ==> Parameters: 
2019-05-13 10:38:34,877 [DEBUG] [http-nio-8082-exec-18] com.zwk.movie_recommend.dao.MovieDao.getByMovieId [BaseJdbcLogger.java : 159] <==      Total: 1
2019-05-13 10:38:34,877 [DEBUG] [http-nio-8082-exec-18] com.zwk.movie_recommend.dao.MovieDao.getByMovieId [BaseJdbcLogger.java : 159] ==>  Preparing: select * from movie where movie_id=33 
2019-05-13 10:38:34,877 [DEBUG] [http-nio-8082-exec-18] com.zwk.movie_recommend.dao.MovieDao.getByMovieId [BaseJdbcLogger.java : 159] ==> Parameters: 
2019-05-13 10:38:34,878 [DEBUG] [http-nio-8082-exec-18] com.zwk.movie_recommend.dao.MovieDao.getByMovieId [BaseJdbcLogger.java : 159] <==      Total: 1
2019-05-13 10:38:34,878 [DEBUG] [http-nio-8082-exec-18] com.zwk.movie_recommend.dao.MovieDao.getByMovieId [BaseJdbcLogger.java : 159] ==>  Preparing: select * from movie where movie_id=52 
2019-05-13 10:38:34,879 [DEBUG] [http-nio-8082-exec-18] com.zwk.movie_recommend.dao.MovieDao.getByMovieId [BaseJdbcLogger.java : 159] ==> Parameters: 
2019-05-13 10:38:34,879 [DEBUG] [http-nio-8082-exec-18] com.zwk.movie_recommend.dao.MovieDao.getByMovieId [BaseJdbcLogger.java : 159] <==      Total: 1
2019-05-13 10:38:34,880 [DEBUG] [http-nio-8082-exec-18] com.zwk.movie_recommend.dao.MovieDao.getByMovieId [BaseJdbcLogger.java : 159] ==>  Preparing: select * from movie where movie_id=52 
2019-05-13 10:38:34,880 [DEBUG] [http-nio-8082-exec-18] com.zwk.movie_recommend.dao.MovieDao.getByMovieId [BaseJdbcLogger.java : 159] ==> Parameters: 
2019-05-13 10:38:34,881 [DEBUG] [http-nio-8082-exec-18] com.zwk.movie_recommend.dao.MovieDao.getByMovieId [BaseJdbcLogger.java : 159] <==      Total: 1
2019-05-13 10:38:34,881 [DEBUG] [http-nio-8082-exec-18] com.zwk.movie_recommend.dao.MovieDao.getByMovieId [BaseJdbcLogger.java : 159] ==>  Preparing: select * from movie where movie_id=52 
2019-05-13 10:38:34,881 [DEBUG] [http-nio-8082-exec-18] com.zwk.movie_recommend.dao.MovieDao.getByMovieId [BaseJdbcLogger.java : 159] ==> Parameters: 
2019-05-13 10:38:34,882 [DEBUG] [http-nio-8082-exec-18] com.zwk.movie_recommend.dao.MovieDao.getByMovieId [BaseJdbcLogger.java : 159] <==      Total: 1
2019-05-13 10:38:34,882 [DEBUG] [http-nio-8082-exec-18] com.zwk.movie_recommend.dao.MovieDao.getByMovieId [BaseJdbcLogger.java : 159] ==>  Preparing: select * from movie where movie_id=18 
2019-05-13 10:38:34,883 [DEBUG] [http-nio-8082-exec-18] com.zwk.movie_recommend.dao.MovieDao.getByMovieId [BaseJdbcLogger.java : 159] ==> Parameters: 
2019-05-13 10:38:34,883 [DEBUG] [http-nio-8082-exec-18] com.zwk.movie_recommend.dao.MovieDao.getByMovieId [BaseJdbcLogger.java : 159] <==      Total: 1
2019-05-13 10:38:34,884 [DEBUG] [http-nio-8082-exec-18] com.zwk.movie_recommend.dao.MovieDao.getByMovieId [BaseJdbcLogger.java : 159] ==>  Preparing: select * from movie where movie_id=18 
2019-05-13 10:38:34,884 [DEBUG] [http-nio-8082-exec-18] com.zwk.movie_recommend.dao.MovieDao.getByMovieId [BaseJdbcLogger.java : 159] ==> Parameters: 
2019-05-13 10:38:34,885 [DEBUG] [http-nio-8082-exec-18] com.zwk.movie_recommend.dao.MovieDao.getByMovieId [BaseJdbcLogger.java : 159] <==      Total: 1
2019-05-13 10:38:34,885 [DEBUG] [http-nio-8082-exec-18] com.zwk.movie_recommend.dao.MovieDao.getByMovieId [BaseJdbcLogger.java : 159] ==>  Preparing: select * from movie where movie_id=1185 
2019-05-13 10:38:34,886 [DEBUG] [http-nio-8082-exec-18] com.zwk.movie_recommend.dao.MovieDao.getByMovieId [BaseJdbcLogger.java : 159] ==> Parameters: 
2019-05-13 10:38:34,886 [DEBUG] [http-nio-8082-exec-18] com.zwk.movie_recommend.dao.MovieDao.getByMovieId [BaseJdbcLogger.java : 159] <==      Total: 1
2019-05-13 10:38:34,887 [DEBUG] [http-nio-8082-exec-18] com.zwk.movie_recommend.dao.MovieDao.getByMovieId [BaseJdbcLogger.java : 159] ==>  Preparing: select * from movie where movie_id=13 
2019-05-13 10:38:34,887 [DEBUG] [http-nio-8082-exec-18] com.zwk.movie_recommend.dao.MovieDao.getByMovieId [BaseJdbcLogger.java : 159] ==> Parameters: 
2019-05-13 10:38:34,888 [DEBUG] [http-nio-8082-exec-18] com.zwk.movie_recommend.dao.MovieDao.getByMovieId [BaseJdbcLogger.java : 159] <==      Total: 1
2019-05-13 10:38:34,888 [DEBUG] [http-nio-8082-exec-18] com.zwk.movie_recommend.dao.MovieDao.getByMovieId [BaseJdbcLogger.java : 159] ==>  Preparing: select * from movie where movie_id=475 
2019-05-13 10:38:34,889 [DEBUG] [http-nio-8082-exec-18] com.zwk.movie_recommend.dao.MovieDao.getByMovieId [BaseJdbcLogger.java : 159] ==> Parameters: 
2019-05-13 10:38:34,889 [DEBUG] [http-nio-8082-exec-18] com.zwk.movie_recommend.dao.MovieDao.getByMovieId [BaseJdbcLogger.java : 159] <==      Total: 1
2019-05-13 10:38:34,890 [DEBUG] [http-nio-8082-exec-18] com.zwk.movie_recommend.dao.MovieDao.getByMovieId [BaseJdbcLogger.java : 159] ==>  Preparing: select * from movie where movie_id=71 
2019-05-13 10:38:34,890 [DEBUG] [http-nio-8082-exec-18] com.zwk.movie_recommend.dao.MovieDao.getByMovieId [BaseJdbcLogger.java : 159] ==> Parameters: 
2019-05-13 10:38:34,891 [DEBUG] [http-nio-8082-exec-18] com.zwk.movie_recommend.dao.MovieDao.getByMovieId [BaseJdbcLogger.java : 159] <==      Total: 1
2019-05-13 10:39:12,052 [INFO] [restartedMain] com.zwk.movie_recommend.redis.CacheData [CacheData.java : 80] 结束初始化电影相似度数据···
2019-05-13 10:39:12,052 [INFO] [restartedMain] com.zwk.movie_recommend.redis.CacheData [CacheData.java : 81] ·········
2019-05-13 10:39:12,052 [INFO] [restartedMain] com.zwk.movie_recommend.redis.CacheData [CacheData.java : 82] 开始初始化电影标签数据···
2019-05-13 10:40:00,001 [INFO] [pool-1-thread-1] com.zwk.movie_recommend.config.CacheDataTask [CacheDataTask.java : 25] 缓存定时任务执行开始
2019-05-13 10:40:00,001 [INFO] [pool-1-thread-1] com.zwk.movie_recommend.redis.CacheData [CacheData.java : 63] 开始初始化缓存数据
2019-05-13 10:40:00,001 [INFO] [pool-1-thread-1] com.zwk.movie_recommend.redis.CacheData [CacheData.java : 64] -----------------
2019-05-13 10:40:00,001 [ERROR] [pool-1-thread-1] o.s.scheduling.support.TaskUtils$LoggingErrorHandler [TaskUtils.java : 96] Unexpected error occurred in scheduled task.
java.lang.NullPointerException: null
	at com.zwk.movie_recommend.redis.CacheData.init(CacheData.java:65)
	at com.zwk.movie_recommend.redis.CacheData.refreshCacheAll(CacheData.java:91)
	at com.zwk.movie_recommend.config.CacheDataTask.refreshCache(CacheDataTask.java:26)
	at sun.reflect.NativeMethodAccessorImpl.invoke0(Native Method)
	at sun.reflect.NativeMethodAccessorImpl.invoke(NativeMethodAccessorImpl.java:62)
	at sun.reflect.DelegatingMethodAccessorImpl.invoke(DelegatingMethodAccessorImpl.java:43)
	at java.lang.reflect.Method.invoke(Method.java:498)
	at org.springframework.scheduling.support.ScheduledMethodRunnable.run(ScheduledMethodRunnable.java:84)
	at org.springframework.scheduling.support.DelegatingErrorHandlingRunnable.run(DelegatingErrorHandlingRunnable.java:54)
	at org.springframework.scheduling.concurrent.ReschedulingRunnable.run(ReschedulingRunnable.java:93)
	at java.util.concurrent.Executors$RunnableAdapter.call(Executors.java:511)
	at java.util.concurrent.FutureTask.run(FutureTask.java:266)
	at java.util.concurrent.ScheduledThreadPoolExecutor$ScheduledFutureTask.access$201(ScheduledThreadPoolExecutor.java:180)
	at java.util.concurrent.ScheduledThreadPoolExecutor$ScheduledFutureTask.run(ScheduledThreadPoolExecutor.java:293)
	at java.util.concurrent.ThreadPoolExecutor.runWorker(ThreadPoolExecutor.java:1149)
	at java.util.concurrent.ThreadPoolExecutor$Worker.run(ThreadPoolExecutor.java:624)
	at java.lang.Thread.run(Thread.java:748)
2019-05-13 10:40:03,918 [INFO] [restartedMain] com.zwk.movie_recommend.redis.CacheData [CacheData.java : 87] 结束初始化电影标签数据···
2019-05-13 10:40:18,686 [INFO] [restartedMain] com.zwk.movie_recommend.MovieRecommendApiApplication [StartupInfoLogger.java : 50] Starting MovieRecommendApiApplication on DESKTOP-EITRI3U with PID 17604 (D:\WorkPlace\java\idea_workplace\movie_recommend_syetem\movie-recommend-api\target\classes started by zwk in D:\WorkPlace\java\idea_workplace\movie_recommend_syetem\movie-recommend-api)
2019-05-13 10:40:18,690 [DEBUG] [restartedMain] com.zwk.movie_recommend.MovieRecommendApiApplication [StartupInfoLogger.java : 53] Running with Spring Boot v2.0.5.RELEASE, Spring v5.0.9.RELEASE
2019-05-13 10:40:18,690 [INFO] [restartedMain] com.zwk.movie_recommend.MovieRecommendApiApplication [SpringApplication.java : 684] The following profiles are active: dev
2019-05-13 10:40:18,757 [INFO] [restartedMain] o.s.b.w.s.c.AnnotationConfigServletWebServerApplicationContext [AbstractApplicationContext.java : 590] Refreshing org.springframework.boot.web.servlet.context.AnnotationConfigServletWebServerApplicationContext@7f31d5c9: startup date [Mon May 13 10:40:18 CST 2019]; root of context hierarchy
2019-05-13 10:40:19,901 [INFO] [restartedMain] o.s.data.repository.config.RepositoryConfigurationDelegate [RepositoryConfigurationDelegate.java : 172] Multiple Spring Data modules found, entering strict repository configuration mode!
2019-05-13 10:40:20,375 [INFO] [restartedMain] o.s.c.s.PostProcessorRegistrationDelegate$BeanPostProcessorChecker [PostProcessorRegistrationDelegate.java : 326] Bean 'org.springframework.transaction.annotation.ProxyTransactionManagementConfiguration' of type [org.springframework.transaction.annotation.ProxyTransactionManagementConfiguration$$EnhancerBySpringCGLIB$$cf88ab52] is not eligible for getting processed by all BeanPostProcessors (for example: not eligible for auto-proxying)
2019-05-13 10:40:20,868 [INFO] [restartedMain] org.springframework.boot.web.embedded.tomcat.TomcatWebServer [TomcatWebServer.java : 91] Tomcat initialized with port(s): 8082 (http)
2019-05-13 10:40:20,887 [INFO] [restartedMain] org.apache.catalina.core.StandardService [DirectJDKLog.java : 180] Starting service [Tomcat]
2019-05-13 10:40:20,887 [INFO] [restartedMain] org.apache.catalina.core.StandardEngine [DirectJDKLog.java : 180] Starting Servlet Engine: Apache Tomcat/8.5.34
2019-05-13 10:40:20,891 [INFO] [localhost-startStop-1] org.apache.catalina.core.AprLifecycleListener [DirectJDKLog.java : 180] The APR based Apache Tomcat Native library which allows optimal performance in production environments was not found on the java.library.path: [D:\SoftWare\java\jdk8\bin;C:\Windows\Sun\Java\bin;C:\Windows\system32;C:\Windows;D:\SoftWare\xftp6\;C:\ProgramData\Oracle\Java\javapath;C:\Program Files (x86)\Intel\Intel(R) Management Engine Components\iCLS\;C:\Program Files\Intel\Intel(R) Management Engine Components\iCLS\;C:\Windows\system32;C:\Windows;C:\Windows\System32\Wbem;C:\Windows\System32\WindowsPowerShell\v1.0\;C:\Windows\System32\OpenSSH\;C:\Program Files (x86)\Intel\Intel(R) Management Engine Components\DAL;C:\Program Files\Intel\Intel(R) Management Engine Components\DAL;C:\Program Files\Intel\WiFi\bin\;C:\Program Files\Common Files\Intel\WirelessCommon\;C:\Program Files (x86)\NVIDIA Corporation\PhysX\Common;D:\SoftWare\java\jdk8\bin;D:\SoftWare\java\jdk8\jre\bin;C:\Program Files\MySQL\MySQL Utilities 1.6\;D:\SoftWare\SVN\bin;D:\SoftWare\apache-maven-3.5.3\bin;D:\SoftWare\nodejs\;D:\Git\cmd;C:\Users\zwk\AppData\Local\Microsoft\WindowsApps;D:\SoftWare\BandZip\;C:\Users\zwk\AppData\Roaming\npm;D:\SoftWare\VSCode\bin;.]
2019-05-13 10:40:21,098 [INFO] [localhost-startStop-1] org.apache.jasper.servlet.TldScanner [DirectJDKLog.java : 180] At least one JAR was scanned for TLDs yet contained no TLDs. Enable debug logging for this logger for a complete list of JARs that were scanned but no TLDs were found in them. Skipping unneeded JARs during scanning can improve startup time and JSP compilation time.
2019-05-13 10:40:21,102 [INFO] [localhost-startStop-1] o.a.c.c.C.[Tomcat].[localhost].[/movie-recommend-api] [DirectJDKLog.java : 180] Initializing Spring embedded WebApplicationContext
2019-05-13 10:40:21,102 [INFO] [localhost-startStop-1] org.springframework.web.context.ContextLoader [ServletWebServerApplicationContext.java : 285] Root WebApplicationContext: initialization completed in 2345 ms
2019-05-13 10:40:21,207 [INFO] [localhost-startStop-1] org.springframework.boot.web.servlet.ServletRegistrationBean [ServletRegistrationBean.java : 187] Servlet dispatcherServlet mapped to [/]
2019-05-13 10:40:21,207 [INFO] [localhost-startStop-1] org.springframework.boot.web.servlet.ServletRegistrationBean [ServletRegistrationBean.java : 187] Servlet statViewServlet mapped to [/druid/*]
2019-05-13 10:40:21,211 [INFO] [localhost-startStop-1] org.springframework.boot.web.servlet.FilterRegistrationBean [AbstractFilterRegistrationBean.java : 245] Mapping filter: 'characterEncodingFilter' to: [/*]
2019-05-13 10:40:21,211 [INFO] [localhost-startStop-1] org.springframework.boot.web.servlet.FilterRegistrationBean [AbstractFilterRegistrationBean.java : 245] Mapping filter: 'hiddenHttpMethodFilter' to: [/*]
2019-05-13 10:40:21,211 [INFO] [localhost-startStop-1] org.springframework.boot.web.servlet.FilterRegistrationBean [AbstractFilterRegistrationBean.java : 245] Mapping filter: 'httpPutFormContentFilter' to: [/*]
2019-05-13 10:40:21,211 [INFO] [localhost-startStop-1] org.springframework.boot.web.servlet.FilterRegistrationBean [AbstractFilterRegistrationBean.java : 245] Mapping filter: 'requestContextFilter' to: [/*]
2019-05-13 10:40:21,211 [INFO] [localhost-startStop-1] org.springframework.boot.web.servlet.FilterRegistrationBean [AbstractFilterRegistrationBean.java : 258] Mapping filter: 'webStatFilter' to urls: [/*]
2019-05-13 10:40:21,367 [INFO] [restartedMain] c.a.d.spring.boot.autoconfigure.DruidDataSourceAutoConfigure [DruidDataSourceAutoConfigure.java : 56] Init DruidDataSource
2019-05-13 10:40:21,656 [INFO] [restartedMain] com.alibaba.druid.pool.DruidDataSource [DruidDataSource.java : 930] {dataSource-1} inited
2019-05-13 10:40:21,953 [WARN] [restartedMain] com.baomidou.mybatisplus.toolkit.TableInfoHelper [TableInfoHelper.java : 188] Warn: Could not find @TableId in Class: com.zwk.movie_recommend.entity.MovieSimilarEntity.
2019-05-13 10:40:21,953 [WARN] [restartedMain] com.baomidou.mybatisplus.mapper.AutoSqlInjector [AutoSqlInjector.java : 147] class com.zwk.movie_recommend.entity.MovieSimilarEntity ,Not found @TableId annotation, Cannot use Mybatis-Plus 'xxById' Method.
2019-05-13 10:40:22,402 [WARN] [restartedMain] o.s.b.f.annotation.AutowiredAnnotationBeanPostProcessor [AutowiredAnnotationBeanPostProcessor.java : 437] Autowired annotation is not supported on static fields: public static redis.clients.jedis.JedisPool com.zwk.movie_recommend.redis.RedisUtils.JedisPool
2019-05-13 10:40:22,781 [INFO] [restartedMain] o.s.w.s.mvc.method.annotation.RequestMappingHandlerMapping [AbstractHandlerMethodMapping.java : 549] Mapped "{[/MovieDescription]}" onto public java.lang.String com.zwk.movie_recommend.controller.CustomerController.showMoiveDescription(javax.servlet.http.HttpServletRequest)
2019-05-13 10:40:22,781 [INFO] [restartedMain] o.s.w.s.mvc.method.annotation.RequestMappingHandlerMapping [AbstractHandlerMethodMapping.java : 549] Mapped "{[/typesortmovie],methods=[POST]}" onto public com.zwk.movie_recommend.common.ResultView com.zwk.movie_recommend.controller.CustomerController.showtypesortmovie(javax.servlet.http.HttpServletRequest)
2019-05-13 10:40:22,781 [INFO] [restartedMain] o.s.w.s.mvc.method.annotation.RequestMappingHandlerMapping [AbstractHandlerMethodMapping.java : 549] Mapped "{[/Customer/Description]}" onto public java.lang.String com.zwk.movie_recommend.controller.CustomerController.GoMoiveDescription(javax.servlet.http.HttpServletRequest)
2019-05-13 10:40:22,785 [INFO] [restartedMain] o.s.w.s.mvc.method.annotation.RequestMappingHandlerMapping [AbstractHandlerMethodMapping.java : 549] Mapped "{[/homepage]}" onto public java.lang.String com.zwk.movie_recommend.controller.CustomerController.showHomepage(javax.servlet.http.HttpServletRequest)
2019-05-13 10:40:22,785 [INFO] [restartedMain] o.s.w.s.mvc.method.annotation.RequestMappingHandlerMapping [AbstractHandlerMethodMapping.java : 549] Mapped "{[/getSimiMovies],methods=[POST]}" onto public com.zwk.movie_recommend.common.ResultView com.zwk.movie_recommend.controller.CustomerController.getSimiMovies(javax.servlet.http.HttpServletRequest) throws java.text.ParseException
2019-05-13 10:40:22,785 [INFO] [restartedMain] o.s.w.s.mvc.method.annotation.RequestMappingHandlerMapping [AbstractHandlerMethodMapping.java : 549] Mapped "{[/index]}" onto public java.lang.String com.zwk.movie_recommend.controller.CustomerController.showIndex(javax.servlet.http.HttpServletRequest)
2019-05-13 10:40:22,785 [INFO] [restartedMain] o.s.w.s.mvc.method.annotation.RequestMappingHandlerMapping [AbstractHandlerMethodMapping.java : 549] Mapped "{[/getstar],methods=[POST]}" onto public java.lang.String com.zwk.movie_recommend.controller.CustomerController.getstar(javax.servlet.http.HttpServletRequest) throws java.text.ParseException
2019-05-13 10:40:22,785 [INFO] [restartedMain] o.s.w.s.mvc.method.annotation.RequestMappingHandlerMapping [AbstractHandlerMethodMapping.java : 549] Mapped "{[/loadingmore],methods=[POST]}" onto public com.zwk.movie_recommend.common.ResultView com.zwk.movie_recommend.controller.CustomerController.showloadmore(javax.servlet.http.HttpServletRequest)
2019-05-13 10:40:22,785 [INFO] [restartedMain] o.s.w.s.mvc.method.annotation.RequestMappingHandlerMapping [AbstractHandlerMethodMapping.java : 549] Mapped "{[/likedmovie],methods=[POST]}" onto public java.lang.String com.zwk.movie_recommend.controller.CustomerController.likedmovie(javax.servlet.http.HttpServletRequest) throws java.text.ParseException
2019-05-13 10:40:22,785 [INFO] [restartedMain] o.s.w.s.mvc.method.annotation.RequestMappingHandlerMapping [AbstractHandlerMethodMapping.java : 549] Mapped "{[/search],methods=[POST]}" onto public com.zwk.movie_recommend.common.ResultView com.zwk.movie_recommend.controller.MovieController.selectMoviesByName(javax.servlet.http.HttpServletRequest)
2019-05-13 10:40:22,785 [INFO] [restartedMain] o.s.w.s.mvc.method.annotation.RequestMappingHandlerMapping [AbstractHandlerMethodMapping.java : 549] Mapped "{[/customer/register],methods=[POST]}" onto public com.zwk.movie_recommend.common.ResultView com.zwk.movie_recommend.controller.RegisterController.register(com.zwk.movie_recommend.entity.UserEntity,javax.servlet.http.HttpServletRequest)
2019-05-13 10:40:22,789 [INFO] [restartedMain] o.s.w.s.mvc.method.annotation.RequestMappingHandlerMapping [AbstractHandlerMethodMapping.java : 549] Mapped "{[/customer/register]}" onto public java.lang.String com.zwk.movie_recommend.controller.RegisterController.reg(javax.servlet.http.HttpServletRequest,org.springframework.ui.Model)
2019-05-13 10:40:22,789 [INFO] [restartedMain] o.s.w.s.mvc.method.annotation.RequestMappingHandlerMapping [AbstractHandlerMethodMapping.java : 549] Mapped "{[/customer/check/{param}/{type}]}" onto public com.zwk.movie_recommend.common.ResultView com.zwk.movie_recommend.controller.RegisterController.checkData(java.lang.String,java.lang.Integer)
2019-05-13 10:40:22,789 [INFO] [restartedMain] o.s.w.s.mvc.method.annotation.RequestMappingHandlerMapping [AbstractHandlerMethodMapping.java : 549] Mapped "{[/customer/checkboth/{paramName}/{paramEmail}/{type}]}" onto public com.zwk.movie_recommend.common.ResultView com.zwk.movie_recommend.controller.RegisterController.checkDataBoth(java.lang.String,java.lang.String,java.lang.Integer)
2019-05-13 10:40:22,789 [INFO] [restartedMain] o.s.w.s.mvc.method.annotation.RequestMappingHandlerMapping [AbstractHandlerMethodMapping.java : 549] Mapped "{[/sendCode]}" onto public com.zwk.movie_recommend.common.ResultView com.zwk.movie_recommend.controller.RegisterController.sendCode(java.lang.String,javax.servlet.http.HttpServletRequest)
2019-05-13 10:40:22,789 [INFO] [restartedMain] o.s.w.s.mvc.method.annotation.RequestMappingHandlerMapping [AbstractHandlerMethodMapping.java : 549] Mapped "{[/tag/tagList]}" onto public com.zwk.movie_recommend.common.ResultView com.zwk.movie_recommend.controller.TagController.tagList(javax.servlet.http.HttpServletRequest)
2019-05-13 10:40:22,789 [INFO] [restartedMain] o.s.w.s.mvc.method.annotation.RequestMappingHandlerMapping [AbstractHandlerMethodMapping.java : 549] Mapped "{[/page/login]}" onto public java.lang.String com.zwk.movie_recommend.controller.UserController.log()
2019-05-13 10:40:22,792 [INFO] [restartedMain] o.s.w.s.mvc.method.annotation.RequestMappingHandlerMapping [AbstractHandlerMethodMapping.java : 549] Mapped "{[/customer/logout]}" onto public java.lang.String com.zwk.movie_recommend.controller.UserController.pagelogout(javax.servlet.http.HttpServletRequest)
2019-05-13 10:40:22,792 [INFO] [restartedMain] o.s.w.s.mvc.method.annotation.RequestMappingHandlerMapping [AbstractHandlerMethodMapping.java : 549] Mapped "{[/home]}" onto public java.lang.String com.zwk.movie_recommend.controller.UserController.toHome()
2019-05-13 10:40:22,792 [INFO] [restartedMain] o.s.w.s.mvc.method.annotation.RequestMappingHandlerMapping [AbstractHandlerMethodMapping.java : 549] Mapped "{[/customer/register/movieSubmit],methods=[POST]}" onto public java.lang.String com.zwk.movie_recommend.controller.UserController.selectedMovie(java.lang.String,javax.servlet.http.HttpServletRequest)
2019-05-13 10:40:22,792 [INFO] [restartedMain] o.s.w.s.mvc.method.annotation.RequestMappingHandlerMapping [AbstractHandlerMethodMapping.java : 549] Mapped "{[/editUser]}" onto public com.zwk.movie_recommend.common.ResultView com.zwk.movie_recommend.controller.UserController.editUser(java.lang.Long,javax.servlet.http.HttpServletRequest)
2019-05-13 10:40:22,792 [INFO] [restartedMain] o.s.w.s.mvc.method.annotation.RequestMappingHandlerMapping [AbstractHandlerMethodMapping.java : 549] Mapped "{[/updateUser]}" onto public com.zwk.movie_recommend.common.ResultView com.zwk.movie_recommend.controller.UserController.updateUser(com.zwk.movie_recommend.entity.UserEntity,javax.servlet.http.HttpServletRequest)
2019-05-13 10:40:22,792 [INFO] [restartedMain] o.s.w.s.mvc.method.annotation.RequestMappingHandlerMapping [AbstractHandlerMethodMapping.java : 549] Mapped "{[/customer/profile]}" onto public java.lang.String com.zwk.movie_recommend.controller.UserController.goProfile(javax.servlet.http.HttpServletRequest)
2019-05-13 10:40:22,792 [INFO] [restartedMain] o.s.w.s.mvc.method.annotation.RequestMappingHandlerMapping [AbstractHandlerMethodMapping.java : 549] Mapped "{[/profile]}" onto public java.lang.String com.zwk.movie_recommend.controller.UserController.showProfie()
2019-05-13 10:40:22,792 [INFO] [restartedMain] o.s.w.s.mvc.method.annotation.RequestMappingHandlerMapping [AbstractHandlerMethodMapping.java : 549] Mapped "{[/customer/login]}" onto public com.zwk.movie_recommend.common.ResultView com.zwk.movie_recommend.controller.UserController.login(java.lang.String,java.lang.String,javax.servlet.http.HttpServletRequest) throws java.text.ParseException
2019-05-13 10:40:22,792 [INFO] [restartedMain] o.s.w.s.mvc.method.annotation.RequestMappingHandlerMapping [AbstractHandlerMethodMapping.java : 549] Mapped "{[/likedTags],methods=[POST]}" onto public java.lang.String com.zwk.movie_recommend.controller.UserTagController.likedmovie(javax.servlet.http.HttpServletRequest) throws java.text.ParseException
2019-05-13 10:40:22,792 [INFO] [restartedMain] o.s.w.s.mvc.method.annotation.RequestMappingHandlerMapping [AbstractHandlerMethodMapping.java : 549] Mapped "{[/v2/api-docs],methods=[GET],produces=[application/json || application/hal+json]}" onto public org.springframework.http.ResponseEntity<springfox.documentation.spring.web.json.Json> springfox.documentation.swagger2.web.Swagger2Controller.getDocumentation(java.lang.String,javax.servlet.http.HttpServletRequest)
2019-05-13 10:40:22,796 [INFO] [restartedMain] o.s.w.s.mvc.method.annotation.RequestMappingHandlerMapping [AbstractHandlerMethodMapping.java : 549] Mapped "{[/swagger-resources]}" onto org.springframework.http.ResponseEntity<java.util.List<springfox.documentation.swagger.web.SwaggerResource>> springfox.documentation.swagger.web.ApiResourceController.swaggerResources()
2019-05-13 10:40:22,796 [INFO] [restartedMain] o.s.w.s.mvc.method.annotation.RequestMappingHandlerMapping [AbstractHandlerMethodMapping.java : 549] Mapped "{[/configuration/ui]}" onto org.springframework.http.ResponseEntity<springfox.documentation.swagger.web.UiConfiguration> springfox.documentation.swagger.web.ApiResourceController.uiConfiguration()
2019-05-13 10:40:22,796 [INFO] [restartedMain] o.s.w.s.mvc.method.annotation.RequestMappingHandlerMapping [AbstractHandlerMethodMapping.java : 549] Mapped "{[/configuration/security]}" onto org.springframework.http.ResponseEntity<springfox.documentation.swagger.web.SecurityConfiguration> springfox.documentation.swagger.web.ApiResourceController.securityConfiguration()
2019-05-13 10:40:22,800 [INFO] [restartedMain] o.s.w.s.mvc.method.annotation.RequestMappingHandlerMapping [AbstractHandlerMethodMapping.java : 549] Mapped "{[/error]}" onto public org.springframework.http.ResponseEntity<java.util.Map<java.lang.String, java.lang.Object>> org.springframework.boot.autoconfigure.web.servlet.error.BasicErrorController.error(javax.servlet.http.HttpServletRequest)
2019-05-13 10:40:22,800 [INFO] [restartedMain] o.s.w.s.mvc.method.annotation.RequestMappingHandlerMapping [AbstractHandlerMethodMapping.java : 549] Mapped "{[/error],produces=[text/html]}" onto public org.springframework.web.servlet.ModelAndView org.springframework.boot.autoconfigure.web.servlet.error.BasicErrorController.errorHtml(javax.servlet.http.HttpServletRequest,javax.servlet.http.HttpServletResponse)
2019-05-13 10:40:22,902 [INFO] [restartedMain] com.zwk.movie_recommend.config.RedisConfig [RedisConfig.java : 47] ===================JedisPool注入成功===================
2019-05-13 10:40:22,902 [INFO] [restartedMain] com.zwk.movie_recommend.config.RedisConfig [RedisConfig.java : 48] ============redis地址：192.168.83.128:6379===========
2019-05-13 10:40:22,910 [INFO] [restartedMain] com.zwk.movie_recommend.config.RedisConfig [RedisConfig.java : 62] ===================redis初始化!!!===================
2019-05-13 10:40:22,995 [INFO] [restartedMain] o.s.web.servlet.handler.SimpleUrlHandlerMapping [AbstractUrlHandlerMapping.java : 373] Mapped URL path [/**/favicon.ico] onto handler of type [class org.springframework.web.servlet.resource.ResourceHttpRequestHandler]
2019-05-13 10:40:23,171 [INFO] [restartedMain] o.s.w.s.mvc.method.annotation.RequestMappingHandlerAdapter [RequestMappingHandlerAdapter.java : 588] Looking for @ControllerAdvice: org.springframework.boot.web.servlet.context.AnnotationConfigServletWebServerApplicationContext@7f31d5c9: startup date [Mon May 13 10:40:18 CST 2019]; root of context hierarchy
2019-05-13 10:40:23,202 [INFO] [restartedMain] o.s.web.servlet.handler.SimpleUrlHandlerMapping [AbstractUrlHandlerMapping.java : 360] Root mapping to handler of type [class org.springframework.web.servlet.mvc.ParameterizableViewController]
2019-05-13 10:40:23,218 [INFO] [restartedMain] o.s.web.servlet.handler.SimpleUrlHandlerMapping [AbstractUrlHandlerMapping.java : 373] Mapped URL path [/webjars/**] onto handler of type [class org.springframework.web.servlet.resource.ResourceHttpRequestHandler]
2019-05-13 10:40:23,218 [INFO] [restartedMain] o.s.web.servlet.handler.SimpleUrlHandlerMapping [AbstractUrlHandlerMapping.java : 373] Mapped URL path [/**] onto handler of type [class org.springframework.web.servlet.resource.ResourceHttpRequestHandler]
2019-05-13 10:40:23,238 [INFO] [restartedMain] o.s.w.s.m.m.annotation.ExceptionHandlerExceptionResolver [ExceptionHandlerExceptionResolver.java : 288] Detected @ExceptionHandler methods in baseException
2019-05-13 10:40:23,296 [INFO] [restartedMain] o.s.boot.autoconfigure.web.servlet.WelcomePageHandlerMapping [WelcomePageHandlerMapping.java : 61] Adding welcome page template: index
2019-05-13 10:40:23,554 [INFO] [restartedMain] org.springframework.ui.freemarker.SpringTemplateLoader [SpringTemplateLoader.java : 62] SpringTemplateLoader for FreeMarker: using resource loader [org.springframework.boot.web.servlet.context.AnnotationConfigServletWebServerApplicationContext@7f31d5c9: startup date [Mon May 13 10:40:18 CST 2019]; root of context hierarchy] and template loader path [classpath:/templates/]
2019-05-13 10:40:23,554 [INFO] [restartedMain] o.s.web.servlet.view.freemarker.FreeMarkerConfigurer [FreeMarkerConfigurer.java : 131] ClassTemplateLoader for Spring macros added to FreeMarker configuration
2019-05-13 10:40:23,725 [INFO] [restartedMain] o.s.boot.devtools.autoconfigure.OptionalLiveReloadServer [OptionalLiveReloadServer.java : 57] LiveReload server is running on port 35729
2019-05-13 10:40:23,764 [INFO] [restartedMain] o.s.jmx.export.annotation.AnnotationMBeanExporter [MBeanExporter.java : 433] Registering beans for JMX exposure on startup
2019-05-13 10:40:23,768 [INFO] [restartedMain] o.s.jmx.export.annotation.AnnotationMBeanExporter [MBeanExporter.java : 895] Bean with name 'statFilter' has been autodetected for JMX exposure
2019-05-13 10:40:23,768 [INFO] [restartedMain] o.s.jmx.export.annotation.AnnotationMBeanExporter [MBeanExporter.java : 895] Bean with name 'dataSource' has been autodetected for JMX exposure
2019-05-13 10:40:23,772 [INFO] [restartedMain] o.s.jmx.export.annotation.AnnotationMBeanExporter [MBeanExporter.java : 668] Located MBean 'dataSource': registering with JMX server as MBean [com.alibaba.druid.spring.boot.autoconfigure:name=dataSource,type=DruidDataSourceWrapper]
2019-05-13 10:40:23,772 [INFO] [restartedMain] o.s.jmx.export.annotation.AnnotationMBeanExporter [MBeanExporter.java : 668] Located MBean 'statFilter': registering with JMX server as MBean [com.alibaba.druid.filter.stat:name=statFilter,type=StatFilter]
2019-05-13 10:40:23,784 [INFO] [restartedMain] o.s.s.annotation.ScheduledAnnotationBeanPostProcessor [ScheduledAnnotationBeanPostProcessor.java : 276] No TaskScheduler/ScheduledExecutorService bean found for scheduled processing
2019-05-13 10:40:23,788 [INFO] [restartedMain] s.d.spring.web.plugins.DocumentationPluginsBootstrapper [DocumentationPluginsBootstrapper.java : 84] Context refreshed
2019-05-13 10:40:23,804 [INFO] [restartedMain] s.d.spring.web.plugins.DocumentationPluginsBootstrapper [DocumentationPluginsBootstrapper.java : 87] Found 1 custom documentation plugin(s)
2019-05-13 10:40:23,811 [INFO] [restartedMain] s.d.spring.web.scanners.ApiListingReferenceScanner [ApiListingReferenceScanner.java : 44] Scanning for api listing references
2019-05-13 10:40:23,917 [INFO] [restartedMain] org.springframework.boot.web.embedded.tomcat.TomcatWebServer [TomcatWebServer.java : 206] Tomcat started on port(s): 8082 (http) with context path '/movie-recommend-api'
2019-05-13 10:40:23,921 [INFO] [restartedMain] com.zwk.movie_recommend.MovieRecommendApiApplication [StartupInfoLogger.java : 59] Started MovieRecommendApiApplication in 5.559 seconds (JVM running for 6.817)
2019-05-13 10:40:23,925 [INFO] [restartedMain] com.zwk.movie_recommend.redis.CacheData [CacheData.java : 63] 开始初始化缓存数据
2019-05-13 10:40:23,925 [INFO] [restartedMain] com.zwk.movie_recommend.redis.CacheData [CacheData.java : 64] -----------------
2019-05-13 10:40:23,944 [DEBUG] [restartedMain] com.zwk.movie_recommend.dao.MovieDao.getAllMovie [BaseJdbcLogger.java : 159] ==>  Preparing: select * from movie where 1=1 
2019-05-13 10:40:23,956 [DEBUG] [restartedMain] com.zwk.movie_recommend.dao.MovieDao.getAllMovie [BaseJdbcLogger.java : 159] ==> Parameters: 
2019-05-13 10:40:24,971 [DEBUG] [restartedMain] com.zwk.movie_recommend.dao.MovieDao.getAllMovie [BaseJdbcLogger.java : 159] <==      Total: 50581
2019-05-13 10:40:24,986 [DEBUG] [restartedMain] com.zwk.movie_recommend.dao.MovieSimilarDao.getList [BaseJdbcLogger.java : 159] ==>  Preparing: select * from movie_similar where 1=1 
2019-05-13 10:40:24,986 [DEBUG] [restartedMain] com.zwk.movie_recommend.dao.MovieSimilarDao.getList [BaseJdbcLogger.java : 159] ==> Parameters: 
2019-05-13 10:40:25,330 [DEBUG] [restartedMain] com.zwk.movie_recommend.dao.MovieSimilarDao.getList [BaseJdbcLogger.java : 159] <==      Total: 68908
2019-05-13 10:40:25,334 [DEBUG] [restartedMain] com.zwk.movie_recommend.dao.MovieTagRelationDao.getList [BaseJdbcLogger.java : 159] ==>  Preparing: select * from movie_tag_relation where 1=1 
2019-05-13 10:40:25,334 [DEBUG] [restartedMain] com.zwk.movie_recommend.dao.MovieTagRelationDao.getList [BaseJdbcLogger.java : 159] ==> Parameters: 
2019-05-13 10:40:25,767 [DEBUG] [restartedMain] com.zwk.movie_recommend.dao.MovieTagRelationDao.getList [BaseJdbcLogger.java : 159] <==      Total: 88870
2019-05-13 10:40:25,767 [INFO] [restartedMain] com.zwk.movie_recommend.redis.CacheData [CacheData.java : 68] 开始初始化电影数据···
2019-05-13 10:40:26,142 [INFO] [restartedMain] io.lettuce.core.EpollProvider [Slf4JLogger.java : 101] Starting without optional epoll library
2019-05-13 10:40:26,142 [INFO] [restartedMain] io.lettuce.core.KqueueProvider [Slf4JLogger.java : 101] Starting without optional kqueue library
2019-05-13 10:40:33,892 [INFO] [http-nio-8082-exec-2] o.a.c.c.C.[Tomcat].[localhost].[/movie-recommend-api] [DirectJDKLog.java : 180] Initializing Spring FrameworkServlet 'dispatcherServlet'
2019-05-13 10:40:33,892 [INFO] [http-nio-8082-exec-2] org.springframework.web.servlet.DispatcherServlet [FrameworkServlet.java : 494] FrameworkServlet 'dispatcherServlet': initialization started
2019-05-13 10:40:33,917 [INFO] [http-nio-8082-exec-2] org.springframework.web.servlet.DispatcherServlet [FrameworkServlet.java : 509] FrameworkServlet 'dispatcherServlet': initialization completed in 25 ms
2019-05-13 10:40:40,385 [DEBUG] [http-nio-8082-exec-4] com.zwk.movie_recommend.dao.UserDao.login [BaseJdbcLogger.java : 159] ==>  Preparing: select * from user where user_name='zhengwen' 
2019-05-13 10:40:40,386 [DEBUG] [http-nio-8082-exec-4] com.zwk.movie_recommend.dao.UserDao.login [BaseJdbcLogger.java : 159] ==> Parameters: 
2019-05-13 10:40:40,391 [DEBUG] [http-nio-8082-exec-4] com.zwk.movie_recommend.dao.UserDao.login [BaseJdbcLogger.java : 159] <==      Total: 1
2019-05-13 10:40:41,392 [DEBUG] [http-nio-8082-exec-5] com.zwk.movie_recommend.dao.RecommendRecordDao.getByUserId [BaseJdbcLogger.java : 159] ==>  Preparing: select * from recommend_record where user_id=? 
2019-05-13 10:40:41,394 [DEBUG] [http-nio-8082-exec-5] com.zwk.movie_recommend.dao.RecommendRecordDao.getByUserId [BaseJdbcLogger.java : 159] ==> Parameters: 23(Long)
2019-05-13 10:40:41,397 [DEBUG] [http-nio-8082-exec-5] com.zwk.movie_recommend.dao.RecommendRecordDao.getByUserId [BaseJdbcLogger.java : 159] <==      Total: 5
2019-05-13 10:40:41,404 [DEBUG] [http-nio-8082-exec-5] com.zwk.movie_recommend.dao.RecommendRelationDao.getList [BaseJdbcLogger.java : 159] ==>  Preparing: select m.* from recommend_relation rr LEFT JOIN movie m on m.movie_id=rr.movie_id where 1=1 and rr.user_id= 23 
2019-05-13 10:40:41,405 [DEBUG] [http-nio-8082-exec-5] com.zwk.movie_recommend.dao.RecommendRelationDao.getList [BaseJdbcLogger.java : 159] ==> Parameters: 
2019-05-13 10:40:41,410 [DEBUG] [http-nio-8082-exec-5] com.zwk.movie_recommend.dao.RecommendRelationDao.getList [BaseJdbcLogger.java : 159] <==      Total: 4
2019-05-13 10:40:41,413 [DEBUG] [http-nio-8082-exec-5] com.zwk.movie_recommend.dao.HeatMovieDao.getTop10List [BaseJdbcLogger.java : 159] ==>  Preparing: select m.* from heat_movie hm left JOIN movie m on hm.movie_id=m.movie_id ORDER BY hm.update_date desc limit 0,10 
2019-05-13 10:40:41,414 [DEBUG] [http-nio-8082-exec-5] com.zwk.movie_recommend.dao.HeatMovieDao.getTop10List [BaseJdbcLogger.java : 159] ==> Parameters: 
2019-05-13 10:40:41,422 [DEBUG] [http-nio-8082-exec-5] com.zwk.movie_recommend.dao.HeatMovieDao.getTop10List [BaseJdbcLogger.java : 159] <==      Total: 10
2019-05-13 10:40:45,275 [DEBUG] [http-nio-8082-exec-6] com.zwk.movie_recommend.dao.CommentRecordDao.getList [BaseJdbcLogger.java : 159] ==>  Preparing: select * from comment_record where 1=1 and user_id=23 
2019-05-13 10:40:45,276 [DEBUG] [http-nio-8082-exec-6] com.zwk.movie_recommend.dao.CommentRecordDao.getList [BaseJdbcLogger.java : 159] ==> Parameters: 
2019-05-13 10:40:45,282 [DEBUG] [http-nio-8082-exec-6] com.zwk.movie_recommend.dao.CommentRecordDao.getList [BaseJdbcLogger.java : 159] <==      Total: 10
2019-05-13 10:40:45,286 [DEBUG] [http-nio-8082-exec-6] com.zwk.movie_recommend.dao.CollectRecordDao.getLsit [BaseJdbcLogger.java : 159] ==>  Preparing: select * from collect_record where 1=1 and user_id= 23 
2019-05-13 10:40:45,287 [DEBUG] [http-nio-8082-exec-6] com.zwk.movie_recommend.dao.CollectRecordDao.getLsit [BaseJdbcLogger.java : 159] ==> Parameters: 
2019-05-13 10:40:45,290 [DEBUG] [http-nio-8082-exec-6] com.zwk.movie_recommend.dao.CollectRecordDao.getLsit [BaseJdbcLogger.java : 159] <==      Total: 1
2019-05-13 10:40:45,291 [DEBUG] [http-nio-8082-exec-6] com.zwk.movie_recommend.dao.MovieDao.getByMovieId [BaseJdbcLogger.java : 159] ==>  Preparing: select * from movie where movie_id=13 
2019-05-13 10:40:45,291 [DEBUG] [http-nio-8082-exec-6] com.zwk.movie_recommend.dao.MovieDao.getByMovieId [BaseJdbcLogger.java : 159] ==> Parameters: 
2019-05-13 10:40:45,292 [DEBUG] [http-nio-8082-exec-6] com.zwk.movie_recommend.dao.MovieDao.getByMovieId [BaseJdbcLogger.java : 159] <==      Total: 1
2019-05-13 10:40:45,292 [DEBUG] [http-nio-8082-exec-6] com.zwk.movie_recommend.dao.MovieDao.getByMovieId [BaseJdbcLogger.java : 159] ==>  Preparing: select * from movie where movie_id=71 
2019-05-13 10:40:45,292 [DEBUG] [http-nio-8082-exec-6] com.zwk.movie_recommend.dao.MovieDao.getByMovieId [BaseJdbcLogger.java : 159] ==> Parameters: 
2019-05-13 10:40:45,293 [DEBUG] [http-nio-8082-exec-6] com.zwk.movie_recommend.dao.MovieDao.getByMovieId [BaseJdbcLogger.java : 159] <==      Total: 1
2019-05-13 10:40:45,294 [DEBUG] [http-nio-8082-exec-6] com.zwk.movie_recommend.dao.MovieDao.getByMovieId [BaseJdbcLogger.java : 159] ==>  Preparing: select * from movie where movie_id=33 
2019-05-13 10:40:45,294 [DEBUG] [http-nio-8082-exec-6] com.zwk.movie_recommend.dao.MovieDao.getByMovieId [BaseJdbcLogger.java : 159] ==> Parameters: 
2019-05-13 10:40:45,295 [DEBUG] [http-nio-8082-exec-6] com.zwk.movie_recommend.dao.MovieDao.getByMovieId [BaseJdbcLogger.java : 159] <==      Total: 1
2019-05-13 10:40:45,296 [DEBUG] [http-nio-8082-exec-6] com.zwk.movie_recommend.dao.MovieDao.getByMovieId [BaseJdbcLogger.java : 159] ==>  Preparing: select * from movie where movie_id=52 
2019-05-13 10:40:45,296 [DEBUG] [http-nio-8082-exec-6] com.zwk.movie_recommend.dao.MovieDao.getByMovieId [BaseJdbcLogger.java : 159] ==> Parameters: 
2019-05-13 10:40:45,297 [DEBUG] [http-nio-8082-exec-6] com.zwk.movie_recommend.dao.MovieDao.getByMovieId [BaseJdbcLogger.java : 159] <==      Total: 1
2019-05-13 10:40:45,297 [DEBUG] [http-nio-8082-exec-6] com.zwk.movie_recommend.dao.MovieDao.getByMovieId [BaseJdbcLogger.java : 159] ==>  Preparing: select * from movie where movie_id=52 
2019-05-13 10:40:45,298 [DEBUG] [http-nio-8082-exec-6] com.zwk.movie_recommend.dao.MovieDao.getByMovieId [BaseJdbcLogger.java : 159] ==> Parameters: 
2019-05-13 10:40:45,299 [DEBUG] [http-nio-8082-exec-6] com.zwk.movie_recommend.dao.MovieDao.getByMovieId [BaseJdbcLogger.java : 159] <==      Total: 1
2019-05-13 10:40:45,299 [DEBUG] [http-nio-8082-exec-6] com.zwk.movie_recommend.dao.MovieDao.getByMovieId [BaseJdbcLogger.java : 159] ==>  Preparing: select * from movie where movie_id=52 
2019-05-13 10:40:45,300 [DEBUG] [http-nio-8082-exec-6] com.zwk.movie_recommend.dao.MovieDao.getByMovieId [BaseJdbcLogger.java : 159] ==> Parameters: 
2019-05-13 10:40:45,300 [DEBUG] [http-nio-8082-exec-6] com.zwk.movie_recommend.dao.MovieDao.getByMovieId [BaseJdbcLogger.java : 159] <==      Total: 1
2019-05-13 10:40:45,301 [DEBUG] [http-nio-8082-exec-6] com.zwk.movie_recommend.dao.MovieDao.getByMovieId [BaseJdbcLogger.java : 159] ==>  Preparing: select * from movie where movie_id=18 
2019-05-13 10:40:45,302 [DEBUG] [http-nio-8082-exec-6] com.zwk.movie_recommend.dao.MovieDao.getByMovieId [BaseJdbcLogger.java : 159] ==> Parameters: 
2019-05-13 10:40:45,303 [DEBUG] [http-nio-8082-exec-6] com.zwk.movie_recommend.dao.MovieDao.getByMovieId [BaseJdbcLogger.java : 159] <==      Total: 1
2019-05-13 10:40:45,305 [DEBUG] [http-nio-8082-exec-6] com.zwk.movie_recommend.dao.MovieDao.getByMovieId [BaseJdbcLogger.java : 159] ==>  Preparing: select * from movie where movie_id=18 
2019-05-13 10:40:45,305 [DEBUG] [http-nio-8082-exec-6] com.zwk.movie_recommend.dao.MovieDao.getByMovieId [BaseJdbcLogger.java : 159] ==> Parameters: 
2019-05-13 10:40:45,306 [DEBUG] [http-nio-8082-exec-6] com.zwk.movie_recommend.dao.MovieDao.getByMovieId [BaseJdbcLogger.java : 159] <==      Total: 1
2019-05-13 10:40:45,307 [DEBUG] [http-nio-8082-exec-6] com.zwk.movie_recommend.dao.MovieDao.getByMovieId [BaseJdbcLogger.java : 159] ==>  Preparing: select * from movie where movie_id=1185 
2019-05-13 10:40:45,307 [DEBUG] [http-nio-8082-exec-6] com.zwk.movie_recommend.dao.MovieDao.getByMovieId [BaseJdbcLogger.java : 159] ==> Parameters: 
2019-05-13 10:40:45,308 [DEBUG] [http-nio-8082-exec-6] com.zwk.movie_recommend.dao.MovieDao.getByMovieId [BaseJdbcLogger.java : 159] <==      Total: 1
2019-05-13 10:40:45,309 [DEBUG] [http-nio-8082-exec-6] com.zwk.movie_recommend.dao.MovieDao.getByMovieId [BaseJdbcLogger.java : 159] ==>  Preparing: select * from movie where movie_id=13 
2019-05-13 10:40:45,309 [DEBUG] [http-nio-8082-exec-6] com.zwk.movie_recommend.dao.MovieDao.getByMovieId [BaseJdbcLogger.java : 159] ==> Parameters: 
2019-05-13 10:40:45,310 [DEBUG] [http-nio-8082-exec-6] com.zwk.movie_recommend.dao.MovieDao.getByMovieId [BaseJdbcLogger.java : 159] <==      Total: 1
2019-05-13 10:40:45,311 [DEBUG] [http-nio-8082-exec-6] com.zwk.movie_recommend.dao.MovieDao.getByMovieId [BaseJdbcLogger.java : 159] ==>  Preparing: select * from movie where movie_id=475 
2019-05-13 10:40:45,311 [DEBUG] [http-nio-8082-exec-6] com.zwk.movie_recommend.dao.MovieDao.getByMovieId [BaseJdbcLogger.java : 159] ==> Parameters: 
2019-05-13 10:40:45,312 [DEBUG] [http-nio-8082-exec-6] com.zwk.movie_recommend.dao.MovieDao.getByMovieId [BaseJdbcLogger.java : 159] <==      Total: 1
2019-05-13 10:40:45,313 [DEBUG] [http-nio-8082-exec-6] com.zwk.movie_recommend.dao.MovieDao.getByMovieId [BaseJdbcLogger.java : 159] ==>  Preparing: select * from movie where movie_id=71 
2019-05-13 10:40:45,313 [DEBUG] [http-nio-8082-exec-6] com.zwk.movie_recommend.dao.MovieDao.getByMovieId [BaseJdbcLogger.java : 159] ==> Parameters: 
2019-05-13 10:40:45,314 [DEBUG] [http-nio-8082-exec-6] com.zwk.movie_recommend.dao.MovieDao.getByMovieId [BaseJdbcLogger.java : 159] <==      Total: 1
2019-05-13 10:40:49,891 [DEBUG] [http-nio-8082-exec-10] c.z.m.dao.DefaultRecommendDao.selectRegDefaultMovie [BaseJdbcLogger.java : 159] ==>  Preparing: SELECT * FROM default_recommend t,movie m WHERE t.movie_id=m.movie_id limit 10 
2019-05-13 10:40:49,891 [DEBUG] [http-nio-8082-exec-10] c.z.m.dao.DefaultRecommendDao.selectRegDefaultMovie [BaseJdbcLogger.java : 159] ==> Parameters: 
2019-05-13 10:40:49,897 [DEBUG] [http-nio-8082-exec-10] c.z.m.dao.DefaultRecommendDao.selectRegDefaultMovie [BaseJdbcLogger.java : 159] <==      Total: 10
2019-05-13 10:40:49,898 [DEBUG] [http-nio-8082-exec-10] com.zwk.movie_recommend.dao.MovieDao.getByMovieId [BaseJdbcLogger.java : 159] ==>  Preparing: select * from movie where movie_id=318 
2019-05-13 10:40:49,899 [DEBUG] [http-nio-8082-exec-10] com.zwk.movie_recommend.dao.MovieDao.getByMovieId [BaseJdbcLogger.java : 159] ==> Parameters: 
2019-05-13 10:40:49,900 [DEBUG] [http-nio-8082-exec-10] com.zwk.movie_recommend.dao.MovieDao.getByMovieId [BaseJdbcLogger.java : 159] <==      Total: 1
2019-05-13 10:40:49,901 [DEBUG] [http-nio-8082-exec-10] com.zwk.movie_recommend.dao.MovieDao.getByMovieId [BaseJdbcLogger.java : 159] ==>  Preparing: select * from movie where movie_id=480 
2019-05-13 10:40:49,901 [DEBUG] [http-nio-8082-exec-10] com.zwk.movie_recommend.dao.MovieDao.getByMovieId [BaseJdbcLogger.java : 159] ==> Parameters: 
2019-05-13 10:40:49,902 [DEBUG] [http-nio-8082-exec-10] com.zwk.movie_recommend.dao.MovieDao.getByMovieId [BaseJdbcLogger.java : 159] <==      Total: 1
2019-05-13 10:40:49,903 [DEBUG] [http-nio-8082-exec-10] com.zwk.movie_recommend.dao.MovieDao.getByMovieId [BaseJdbcLogger.java : 159] ==>  Preparing: select * from movie where movie_id=589 
2019-05-13 10:40:49,903 [DEBUG] [http-nio-8082-exec-10] com.zwk.movie_recommend.dao.MovieDao.getByMovieId [BaseJdbcLogger.java : 159] ==> Parameters: 
2019-05-13 10:40:49,904 [DEBUG] [http-nio-8082-exec-10] com.zwk.movie_recommend.dao.MovieDao.getByMovieId [BaseJdbcLogger.java : 159] <==      Total: 1
2019-05-13 10:40:49,904 [DEBUG] [http-nio-8082-exec-10] com.zwk.movie_recommend.dao.MovieDao.getByMovieId [BaseJdbcLogger.java : 159] ==>  Preparing: select * from movie where movie_id=2571 
2019-05-13 10:40:49,904 [DEBUG] [http-nio-8082-exec-10] com.zwk.movie_recommend.dao.MovieDao.getByMovieId [BaseJdbcLogger.java : 159] ==> Parameters: 
2019-05-13 10:40:49,905 [DEBUG] [http-nio-8082-exec-10] com.zwk.movie_recommend.dao.MovieDao.getByMovieId [BaseJdbcLogger.java : 159] <==      Total: 1
2019-05-13 10:40:49,906 [DEBUG] [http-nio-8082-exec-10] com.zwk.movie_recommend.dao.MovieDao.getByMovieId [BaseJdbcLogger.java : 159] ==>  Preparing: select * from movie where movie_id=1270 
2019-05-13 10:40:49,906 [DEBUG] [http-nio-8082-exec-10] com.zwk.movie_recommend.dao.MovieDao.getByMovieId [BaseJdbcLogger.java : 159] ==> Parameters: 
2019-05-13 10:40:49,906 [DEBUG] [http-nio-8082-exec-10] com.zwk.movie_recommend.dao.MovieDao.getByMovieId [BaseJdbcLogger.java : 159] <==      Total: 1
2019-05-13 10:40:49,907 [DEBUG] [http-nio-8082-exec-10] com.zwk.movie_recommend.dao.MovieDao.getByMovieId [BaseJdbcLogger.java : 159] ==>  Preparing: select * from movie where movie_id=593 
2019-05-13 10:40:49,907 [DEBUG] [http-nio-8082-exec-10] com.zwk.movie_recommend.dao.MovieDao.getByMovieId [BaseJdbcLogger.java : 159] ==> Parameters: 
2019-05-13 10:40:49,908 [DEBUG] [http-nio-8082-exec-10] com.zwk.movie_recommend.dao.MovieDao.getByMovieId [BaseJdbcLogger.java : 159] <==      Total: 1
2019-05-13 10:40:49,908 [DEBUG] [http-nio-8082-exec-10] com.zwk.movie_recommend.dao.MovieDao.getByMovieId [BaseJdbcLogger.java : 159] ==>  Preparing: select * from movie where movie_id=1580 
2019-05-13 10:40:49,909 [DEBUG] [http-nio-8082-exec-10] com.zwk.movie_recommend.dao.MovieDao.getByMovieId [BaseJdbcLogger.java : 159] ==> Parameters: 
2019-05-13 10:40:49,909 [DEBUG] [http-nio-8082-exec-10] com.zwk.movie_recommend.dao.MovieDao.getByMovieId [BaseJdbcLogger.java : 159] <==      Total: 1
2019-05-13 10:40:49,910 [DEBUG] [http-nio-8082-exec-10] com.zwk.movie_recommend.dao.MovieDao.getByMovieId [BaseJdbcLogger.java : 159] ==>  Preparing: select * from movie where movie_id=608 
2019-05-13 10:40:49,910 [DEBUG] [http-nio-8082-exec-10] com.zwk.movie_recommend.dao.MovieDao.getByMovieId [BaseJdbcLogger.java : 159] ==> Parameters: 
2019-05-13 10:40:49,911 [DEBUG] [http-nio-8082-exec-10] com.zwk.movie_recommend.dao.MovieDao.getByMovieId [BaseJdbcLogger.java : 159] <==      Total: 1
2019-05-13 10:40:49,911 [DEBUG] [http-nio-8082-exec-10] com.zwk.movie_recommend.dao.MovieDao.getByMovieId [BaseJdbcLogger.java : 159] ==>  Preparing: select * from movie where movie_id=2762 
2019-05-13 10:40:49,911 [DEBUG] [http-nio-8082-exec-10] com.zwk.movie_recommend.dao.MovieDao.getByMovieId [BaseJdbcLogger.java : 159] ==> Parameters: 
2019-05-13 10:40:49,912 [DEBUG] [http-nio-8082-exec-10] com.zwk.movie_recommend.dao.MovieDao.getByMovieId [BaseJdbcLogger.java : 159] <==      Total: 1
2019-05-13 10:40:49,912 [DEBUG] [http-nio-8082-exec-10] com.zwk.movie_recommend.dao.MovieDao.getByMovieId [BaseJdbcLogger.java : 159] ==>  Preparing: select * from movie where movie_id=110 
2019-05-13 10:40:49,913 [DEBUG] [http-nio-8082-exec-10] com.zwk.movie_recommend.dao.MovieDao.getByMovieId [BaseJdbcLogger.java : 159] ==> Parameters: 
2019-05-13 10:40:49,913 [DEBUG] [http-nio-8082-exec-10] com.zwk.movie_recommend.dao.MovieDao.getByMovieId [BaseJdbcLogger.java : 159] <==      Total: 1
2019-05-13 10:40:49,920 [DEBUG] [http-nio-8082-exec-10] com.zwk.movie_recommend.dao.TagDao.getList [BaseJdbcLogger.java : 159] ==>  Preparing: select * from tag where 1=1 
2019-05-13 10:40:49,921 [DEBUG] [http-nio-8082-exec-10] com.zwk.movie_recommend.dao.TagDao.getList [BaseJdbcLogger.java : 159] ==> Parameters: 
2019-05-13 10:40:49,925 [DEBUG] [http-nio-8082-exec-10] com.zwk.movie_recommend.dao.TagDao.getList [BaseJdbcLogger.java : 159] <==      Total: 19
2019-05-13 10:40:58,885 [INFO] [restartedMain] com.zwk.movie_recommend.redis.CacheData [CacheData.java : 73] 结束初始化电影数据
2019-05-13 10:40:58,886 [INFO] [restartedMain] com.zwk.movie_recommend.redis.CacheData [CacheData.java : 74] ·········
2019-05-13 10:40:58,886 [INFO] [restartedMain] com.zwk.movie_recommend.redis.CacheData [CacheData.java : 75] 开始初始化电影相似度数据···
