2019-05-10 09:31:47,342 [INFO] [restartedMain] com.zwk.movie_recommend.MovieRecommendApiApplication [StartupInfoLogger.java : 50] Starting MovieRecommendApiApplication on DESKTOP-EITRI3U with PID 15456 (D:\WorkPlace\java\idea_workplace\movie_recommend_syetem\movie-recommend-api\target\classes started by zwk in D:\WorkPlace\java\idea_workplace\movie_recommend_syetem)
2019-05-10 09:31:47,351 [DEBUG] [restartedMain] com.zwk.movie_recommend.MovieRecommendApiApplication [StartupInfoLogger.java : 53] Running with Spring Boot v2.0.5.RELEASE, Spring v5.0.9.RELEASE
2019-05-10 09:31:47,352 [INFO] [restartedMain] com.zwk.movie_recommend.MovieRecommendApiApplication [SpringApplication.java : 684] The following profiles are active: dev
2019-05-10 09:31:47,396 [INFO] [restartedMain] o.s.b.w.s.c.AnnotationConfigServletWebServerApplicationContext [AbstractApplicationContext.java : 590] Refreshing org.springframework.boot.web.servlet.context.AnnotationConfigServletWebServerApplicationContext@75d6876b: startup date [Fri May 10 09:31:47 CST 2019]; root of context hierarchy
2019-05-10 09:31:48,325 [INFO] [restartedMain] o.s.data.repository.config.RepositoryConfigurationDelegate [RepositoryConfigurationDelegate.java : 172] Multiple Spring Data modules found, entering strict repository configuration mode!
2019-05-10 09:31:48,643 [INFO] [restartedMain] o.s.c.s.PostProcessorRegistrationDelegate$BeanPostProcessorChecker [PostProcessorRegistrationDelegate.java : 326] Bean 'org.springframework.transaction.annotation.ProxyTransactionManagementConfiguration' of type [org.springframework.transaction.annotation.ProxyTransactionManagementConfiguration$$EnhancerBySpringCGLIB$$84b835de] is not eligible for getting processed by all BeanPostProcessors (for example: not eligible for auto-proxying)
2019-05-10 09:31:49,132 [INFO] [restartedMain] org.springframework.boot.web.embedded.tomcat.TomcatWebServer [TomcatWebServer.java : 91] Tomcat initialized with port(s): 8082 (http)
2019-05-10 09:31:49,149 [INFO] [restartedMain] org.apache.catalina.core.StandardService [DirectJDKLog.java : 180] Starting service [Tomcat]
2019-05-10 09:31:49,150 [INFO] [restartedMain] org.apache.catalina.core.StandardEngine [DirectJDKLog.java : 180] Starting Servlet Engine: Apache Tomcat/8.5.34
2019-05-10 09:31:49,153 [INFO] [localhost-startStop-1] org.apache.catalina.core.AprLifecycleListener [DirectJDKLog.java : 180] The APR based Apache Tomcat Native library which allows optimal performance in production environments was not found on the java.library.path: [D:\SoftWare\java\jdk8\bin;C:\Windows\Sun\Java\bin;C:\Windows\system32;C:\Windows;D:\SoftWare\xftp6\;C:\ProgramData\Oracle\Java\javapath;C:\Program Files (x86)\Intel\Intel(R) Management Engine Components\iCLS\;C:\Program Files\Intel\Intel(R) Management Engine Components\iCLS\;C:\Windows\system32;C:\Windows;C:\Windows\System32\Wbem;C:\Windows\System32\WindowsPowerShell\v1.0\;C:\Windows\System32\OpenSSH\;C:\Program Files (x86)\Intel\Intel(R) Management Engine Components\DAL;C:\Program Files\Intel\Intel(R) Management Engine Components\DAL;C:\Program Files\Intel\WiFi\bin\;C:\Program Files\Common Files\Intel\WirelessCommon\;C:\Program Files (x86)\NVIDIA Corporation\PhysX\Common;D:\SoftWare\java\jdk8\bin;D:\SoftWare\java\jdk8\jre\bin;C:\Program Files\MySQL\MySQL Utilities 1.6\;D:\SoftWare\SVN\bin;D:\SoftWare\apache-maven-3.5.3\bin;D:\SoftWare\nodejs\;D:\Git\cmd;C:\Users\zwk\AppData\Local\Microsoft\WindowsApps;D:\SoftWare\BandZip\;C:\Users\zwk\AppData\Roaming\npm;D:\SoftWare\VSCode\bin;.]
2019-05-10 09:31:49,344 [INFO] [localhost-startStop-1] org.apache.jasper.servlet.TldScanner [DirectJDKLog.java : 180] At least one JAR was scanned for TLDs yet contained no TLDs. Enable debug logging for this logger for a complete list of JARs that were scanned but no TLDs were found in them. Skipping unneeded JARs during scanning can improve startup time and JSP compilation time.
2019-05-10 09:31:49,349 [INFO] [localhost-startStop-1] o.a.c.c.C.[Tomcat].[localhost].[/movie-recommend-api] [DirectJDKLog.java : 180] Initializing Spring embedded WebApplicationContext
2019-05-10 09:31:49,349 [INFO] [localhost-startStop-1] org.springframework.web.context.ContextLoader [ServletWebServerApplicationContext.java : 285] Root WebApplicationContext: initialization completed in 1953 ms
2019-05-10 09:31:49,447 [INFO] [localhost-startStop-1] org.springframework.boot.web.servlet.ServletRegistrationBean [ServletRegistrationBean.java : 187] Servlet dispatcherServlet mapped to [/]
2019-05-10 09:31:49,448 [INFO] [localhost-startStop-1] org.springframework.boot.web.servlet.ServletRegistrationBean [ServletRegistrationBean.java : 187] Servlet statViewServlet mapped to [/druid/*]
2019-05-10 09:31:49,451 [INFO] [localhost-startStop-1] org.springframework.boot.web.servlet.FilterRegistrationBean [AbstractFilterRegistrationBean.java : 245] Mapping filter: 'characterEncodingFilter' to: [/*]
2019-05-10 09:31:49,452 [INFO] [localhost-startStop-1] org.springframework.boot.web.servlet.FilterRegistrationBean [AbstractFilterRegistrationBean.java : 245] Mapping filter: 'hiddenHttpMethodFilter' to: [/*]
2019-05-10 09:31:49,452 [INFO] [localhost-startStop-1] org.springframework.boot.web.servlet.FilterRegistrationBean [AbstractFilterRegistrationBean.java : 245] Mapping filter: 'httpPutFormContentFilter' to: [/*]
2019-05-10 09:31:49,452 [INFO] [localhost-startStop-1] org.springframework.boot.web.servlet.FilterRegistrationBean [AbstractFilterRegistrationBean.java : 245] Mapping filter: 'requestContextFilter' to: [/*]
2019-05-10 09:31:49,452 [INFO] [localhost-startStop-1] org.springframework.boot.web.servlet.FilterRegistrationBean [AbstractFilterRegistrationBean.java : 258] Mapping filter: 'webStatFilter' to urls: [/*]
2019-05-10 09:31:49,593 [INFO] [restartedMain] c.a.d.spring.boot.autoconfigure.DruidDataSourceAutoConfigure [DruidDataSourceAutoConfigure.java : 56] Init DruidDataSource
2019-05-10 09:31:49,899 [INFO] [restartedMain] com.alibaba.druid.pool.DruidDataSource [DruidDataSource.java : 930] {dataSource-1} inited
2019-05-10 09:31:50,209 [WARN] [restartedMain] com.baomidou.mybatisplus.toolkit.TableInfoHelper [TableInfoHelper.java : 188] Warn: Could not find @TableId in Class: com.zwk.movie_recommend.entity.MovieSimilarEntity.
2019-05-10 09:31:50,209 [WARN] [restartedMain] com.baomidou.mybatisplus.mapper.AutoSqlInjector [AutoSqlInjector.java : 147] class com.zwk.movie_recommend.entity.MovieSimilarEntity ,Not found @TableId annotation, Cannot use Mybatis-Plus 'xxById' Method.
2019-05-10 09:31:50,451 [WARN] [restartedMain] o.s.b.f.annotation.AutowiredAnnotationBeanPostProcessor [AutowiredAnnotationBeanPostProcessor.java : 437] Autowired annotation is not supported on static fields: public static redis.clients.jedis.JedisPool com.zwk.movie_recommend.redis.RedisUtils.JedisPool
2019-05-10 09:31:50,834 [INFO] [restartedMain] o.s.w.s.mvc.method.annotation.RequestMappingHandlerMapping [AbstractHandlerMethodMapping.java : 549] Mapped "{[/getstar],methods=[POST]}" onto public java.lang.String com.zwk.movie_recommend.controller.CustomerController.getstar(javax.servlet.http.HttpServletRequest) throws java.text.ParseException
2019-05-10 09:31:50,835 [INFO] [restartedMain] o.s.w.s.mvc.method.annotation.RequestMappingHandlerMapping [AbstractHandlerMethodMapping.java : 549] Mapped "{[/loadingmore],methods=[POST]}" onto public com.zwk.movie_recommend.common.ResultView com.zwk.movie_recommend.controller.CustomerController.showloadmore(javax.servlet.http.HttpServletRequest)
2019-05-10 09:31:50,835 [INFO] [restartedMain] o.s.w.s.mvc.method.annotation.RequestMappingHandlerMapping [AbstractHandlerMethodMapping.java : 549] Mapped "{[/getSimiMovies],methods=[POST]}" onto public com.zwk.movie_recommend.common.ResultView com.zwk.movie_recommend.controller.CustomerController.getSimiMovies(javax.servlet.http.HttpServletRequest) throws java.text.ParseException
2019-05-10 09:31:50,835 [INFO] [restartedMain] o.s.w.s.mvc.method.annotation.RequestMappingHandlerMapping [AbstractHandlerMethodMapping.java : 549] Mapped "{[/homepage]}" onto public java.lang.String com.zwk.movie_recommend.controller.CustomerController.showHomepage(javax.servlet.http.HttpServletRequest)
2019-05-10 09:31:50,835 [INFO] [restartedMain] o.s.w.s.mvc.method.annotation.RequestMappingHandlerMapping [AbstractHandlerMethodMapping.java : 549] Mapped "{[/likedmovie],methods=[POST]}" onto public java.lang.String com.zwk.movie_recommend.controller.CustomerController.likedmovie(javax.servlet.http.HttpServletRequest) throws java.text.ParseException
2019-05-10 09:31:50,836 [INFO] [restartedMain] o.s.w.s.mvc.method.annotation.RequestMappingHandlerMapping [AbstractHandlerMethodMapping.java : 549] Mapped "{[/index]}" onto public java.lang.String com.zwk.movie_recommend.controller.CustomerController.showIndex(javax.servlet.http.HttpServletRequest)
2019-05-10 09:31:50,836 [INFO] [restartedMain] o.s.w.s.mvc.method.annotation.RequestMappingHandlerMapping [AbstractHandlerMethodMapping.java : 549] Mapped "{[/Customer/Description]}" onto public java.lang.String com.zwk.movie_recommend.controller.CustomerController.GoMoiveDescription(javax.servlet.http.HttpServletRequest)
2019-05-10 09:31:50,836 [INFO] [restartedMain] o.s.w.s.mvc.method.annotation.RequestMappingHandlerMapping [AbstractHandlerMethodMapping.java : 549] Mapped "{[/MovieDescription]}" onto public java.lang.String com.zwk.movie_recommend.controller.CustomerController.showMoiveDescription(javax.servlet.http.HttpServletRequest)
2019-05-10 09:31:50,836 [INFO] [restartedMain] o.s.w.s.mvc.method.annotation.RequestMappingHandlerMapping [AbstractHandlerMethodMapping.java : 549] Mapped "{[/typesortmovie],methods=[POST]}" onto public com.zwk.movie_recommend.common.ResultView com.zwk.movie_recommend.controller.CustomerController.showtypesortmovie(javax.servlet.http.HttpServletRequest)
2019-05-10 09:31:50,837 [INFO] [restartedMain] o.s.w.s.mvc.method.annotation.RequestMappingHandlerMapping [AbstractHandlerMethodMapping.java : 549] Mapped "{[/search],methods=[POST]}" onto public com.zwk.movie_recommend.common.ResultView com.zwk.movie_recommend.controller.MovieController.selectMoviesByName(javax.servlet.http.HttpServletRequest)
2019-05-10 09:31:50,837 [INFO] [restartedMain] o.s.w.s.mvc.method.annotation.RequestMappingHandlerMapping [AbstractHandlerMethodMapping.java : 549] Mapped "{[/customer/register],methods=[POST]}" onto public com.zwk.movie_recommend.common.ResultView com.zwk.movie_recommend.controller.RegisterController.register(com.zwk.movie_recommend.entity.UserEntity,javax.servlet.http.HttpServletRequest)
2019-05-10 09:31:50,839 [INFO] [restartedMain] o.s.w.s.mvc.method.annotation.RequestMappingHandlerMapping [AbstractHandlerMethodMapping.java : 549] Mapped "{[/customer/register]}" onto public java.lang.String com.zwk.movie_recommend.controller.RegisterController.reg(javax.servlet.http.HttpServletRequest,org.springframework.ui.Model)
2019-05-10 09:31:50,839 [INFO] [restartedMain] o.s.w.s.mvc.method.annotation.RequestMappingHandlerMapping [AbstractHandlerMethodMapping.java : 549] Mapped "{[/customer/check/{param}/{type}]}" onto public com.zwk.movie_recommend.common.ResultView com.zwk.movie_recommend.controller.RegisterController.checkData(java.lang.String,java.lang.Integer)
2019-05-10 09:31:50,840 [INFO] [restartedMain] o.s.w.s.mvc.method.annotation.RequestMappingHandlerMapping [AbstractHandlerMethodMapping.java : 549] Mapped "{[/customer/checkboth/{paramName}/{paramEmail}/{type}]}" onto public com.zwk.movie_recommend.common.ResultView com.zwk.movie_recommend.controller.RegisterController.checkDataBoth(java.lang.String,java.lang.String,java.lang.Integer)
2019-05-10 09:31:50,840 [INFO] [restartedMain] o.s.w.s.mvc.method.annotation.RequestMappingHandlerMapping [AbstractHandlerMethodMapping.java : 549] Mapped "{[/sendCode]}" onto public com.zwk.movie_recommend.common.ResultView com.zwk.movie_recommend.controller.RegisterController.sendCode(java.lang.String,javax.servlet.http.HttpServletRequest)
2019-05-10 09:31:50,842 [INFO] [restartedMain] o.s.w.s.mvc.method.annotation.RequestMappingHandlerMapping [AbstractHandlerMethodMapping.java : 549] Mapped "{[/tag/tagList]}" onto public com.zwk.movie_recommend.common.ResultView com.zwk.movie_recommend.controller.TagController.tagList(javax.servlet.http.HttpServletRequest)
2019-05-10 09:31:50,843 [INFO] [restartedMain] o.s.w.s.mvc.method.annotation.RequestMappingHandlerMapping [AbstractHandlerMethodMapping.java : 549] Mapped "{[/page/login]}" onto public java.lang.String com.zwk.movie_recommend.controller.UserController.log()
2019-05-10 09:31:50,844 [INFO] [restartedMain] o.s.w.s.mvc.method.annotation.RequestMappingHandlerMapping [AbstractHandlerMethodMapping.java : 549] Mapped "{[/customer/login]}" onto public com.zwk.movie_recommend.common.ResultView com.zwk.movie_recommend.controller.UserController.login(java.lang.String,java.lang.String,javax.servlet.http.HttpServletRequest) throws java.text.ParseException
2019-05-10 09:31:50,844 [INFO] [restartedMain] o.s.w.s.mvc.method.annotation.RequestMappingHandlerMapping [AbstractHandlerMethodMapping.java : 549] Mapped "{[/customer/logout]}" onto public java.lang.String com.zwk.movie_recommend.controller.UserController.pagelogout(javax.servlet.http.HttpServletRequest)
2019-05-10 09:31:50,845 [INFO] [restartedMain] o.s.w.s.mvc.method.annotation.RequestMappingHandlerMapping [AbstractHandlerMethodMapping.java : 549] Mapped "{[/customer/profile]}" onto public java.lang.String com.zwk.movie_recommend.controller.UserController.goProfile(javax.servlet.http.HttpServletRequest)
2019-05-10 09:31:50,845 [INFO] [restartedMain] o.s.w.s.mvc.method.annotation.RequestMappingHandlerMapping [AbstractHandlerMethodMapping.java : 549] Mapped "{[/home]}" onto public java.lang.String com.zwk.movie_recommend.controller.UserController.toHome()
2019-05-10 09:31:50,845 [INFO] [restartedMain] o.s.w.s.mvc.method.annotation.RequestMappingHandlerMapping [AbstractHandlerMethodMapping.java : 549] Mapped "{[/updateUser]}" onto public com.zwk.movie_recommend.common.ResultView com.zwk.movie_recommend.controller.UserController.updateUser(com.zwk.movie_recommend.entity.UserEntity,javax.servlet.http.HttpServletRequest)
2019-05-10 09:31:50,846 [INFO] [restartedMain] o.s.w.s.mvc.method.annotation.RequestMappingHandlerMapping [AbstractHandlerMethodMapping.java : 549] Mapped "{[/profile]}" onto public java.lang.String com.zwk.movie_recommend.controller.UserController.showProfie()
2019-05-10 09:31:50,846 [INFO] [restartedMain] o.s.w.s.mvc.method.annotation.RequestMappingHandlerMapping [AbstractHandlerMethodMapping.java : 549] Mapped "{[/editUser]}" onto public com.zwk.movie_recommend.common.ResultView com.zwk.movie_recommend.controller.UserController.editUser(java.lang.Long,javax.servlet.http.HttpServletRequest)
2019-05-10 09:31:50,846 [INFO] [restartedMain] o.s.w.s.mvc.method.annotation.RequestMappingHandlerMapping [AbstractHandlerMethodMapping.java : 549] Mapped "{[/customer/register/movieSubmit],methods=[POST]}" onto public java.lang.String com.zwk.movie_recommend.controller.UserController.selectedMovie(java.lang.String,javax.servlet.http.HttpServletRequest)
2019-05-10 09:31:50,846 [INFO] [restartedMain] o.s.w.s.mvc.method.annotation.RequestMappingHandlerMapping [AbstractHandlerMethodMapping.java : 549] Mapped "{[/likedTags],methods=[POST]}" onto public java.lang.String com.zwk.movie_recommend.controller.UserTagController.likedmovie(javax.servlet.http.HttpServletRequest) throws java.text.ParseException
2019-05-10 09:31:50,847 [INFO] [restartedMain] o.s.w.s.mvc.method.annotation.RequestMappingHandlerMapping [AbstractHandlerMethodMapping.java : 549] Mapped "{[/v2/api-docs],methods=[GET],produces=[application/json || application/hal+json]}" onto public org.springframework.http.ResponseEntity<springfox.documentation.spring.web.json.Json> springfox.documentation.swagger2.web.Swagger2Controller.getDocumentation(java.lang.String,javax.servlet.http.HttpServletRequest)
2019-05-10 09:31:50,849 [INFO] [restartedMain] o.s.w.s.mvc.method.annotation.RequestMappingHandlerMapping [AbstractHandlerMethodMapping.java : 549] Mapped "{[/configuration/security]}" onto org.springframework.http.ResponseEntity<springfox.documentation.swagger.web.SecurityConfiguration> springfox.documentation.swagger.web.ApiResourceController.securityConfiguration()
2019-05-10 09:31:50,850 [INFO] [restartedMain] o.s.w.s.mvc.method.annotation.RequestMappingHandlerMapping [AbstractHandlerMethodMapping.java : 549] Mapped "{[/configuration/ui]}" onto org.springframework.http.ResponseEntity<springfox.documentation.swagger.web.UiConfiguration> springfox.documentation.swagger.web.ApiResourceController.uiConfiguration()
2019-05-10 09:31:50,850 [INFO] [restartedMain] o.s.w.s.mvc.method.annotation.RequestMappingHandlerMapping [AbstractHandlerMethodMapping.java : 549] Mapped "{[/swagger-resources]}" onto org.springframework.http.ResponseEntity<java.util.List<springfox.documentation.swagger.web.SwaggerResource>> springfox.documentation.swagger.web.ApiResourceController.swaggerResources()
2019-05-10 09:31:50,852 [INFO] [restartedMain] o.s.w.s.mvc.method.annotation.RequestMappingHandlerMapping [AbstractHandlerMethodMapping.java : 549] Mapped "{[/error]}" onto public org.springframework.http.ResponseEntity<java.util.Map<java.lang.String, java.lang.Object>> org.springframework.boot.autoconfigure.web.servlet.error.BasicErrorController.error(javax.servlet.http.HttpServletRequest)
2019-05-10 09:31:50,852 [INFO] [restartedMain] o.s.w.s.mvc.method.annotation.RequestMappingHandlerMapping [AbstractHandlerMethodMapping.java : 549] Mapped "{[/error],produces=[text/html]}" onto public org.springframework.web.servlet.ModelAndView org.springframework.boot.autoconfigure.web.servlet.error.BasicErrorController.errorHtml(javax.servlet.http.HttpServletRequest,javax.servlet.http.HttpServletResponse)
2019-05-10 09:31:50,984 [INFO] [restartedMain] com.zwk.movie_recommend.config.RedisConfig [RedisConfig.java : 47] ===================JedisPool注入成功===================
2019-05-10 09:31:50,984 [INFO] [restartedMain] com.zwk.movie_recommend.config.RedisConfig [RedisConfig.java : 48] ============redis地址：192.168.225.138:6379===========
2019-05-10 09:31:50,991 [INFO] [restartedMain] com.zwk.movie_recommend.config.RedisConfig [RedisConfig.java : 62] ===================redis初始化!!!===================
2019-05-10 09:31:51,057 [INFO] [restartedMain] o.s.web.servlet.handler.SimpleUrlHandlerMapping [AbstractUrlHandlerMapping.java : 373] Mapped URL path [/**/favicon.ico] onto handler of type [class org.springframework.web.servlet.resource.ResourceHttpRequestHandler]
2019-05-10 09:31:51,197 [INFO] [restartedMain] o.s.w.s.mvc.method.annotation.RequestMappingHandlerAdapter [RequestMappingHandlerAdapter.java : 588] Looking for @ControllerAdvice: org.springframework.boot.web.servlet.context.AnnotationConfigServletWebServerApplicationContext@75d6876b: startup date [Fri May 10 09:31:47 CST 2019]; root of context hierarchy
2019-05-10 09:31:51,222 [INFO] [restartedMain] o.s.web.servlet.handler.SimpleUrlHandlerMapping [AbstractUrlHandlerMapping.java : 360] Root mapping to handler of type [class org.springframework.web.servlet.mvc.ParameterizableViewController]
2019-05-10 09:31:51,232 [INFO] [restartedMain] o.s.web.servlet.handler.SimpleUrlHandlerMapping [AbstractUrlHandlerMapping.java : 373] Mapped URL path [/webjars/**] onto handler of type [class org.springframework.web.servlet.resource.ResourceHttpRequestHandler]
2019-05-10 09:31:51,232 [INFO] [restartedMain] o.s.web.servlet.handler.SimpleUrlHandlerMapping [AbstractUrlHandlerMapping.java : 373] Mapped URL path [/**] onto handler of type [class org.springframework.web.servlet.resource.ResourceHttpRequestHandler]
2019-05-10 09:31:51,247 [INFO] [restartedMain] o.s.w.s.m.m.annotation.ExceptionHandlerExceptionResolver [ExceptionHandlerExceptionResolver.java : 288] Detected @ExceptionHandler methods in baseException
2019-05-10 09:31:51,633 [INFO] [restartedMain] org.springframework.ui.freemarker.SpringTemplateLoader [SpringTemplateLoader.java : 62] SpringTemplateLoader for FreeMarker: using resource loader [org.springframework.boot.web.servlet.context.AnnotationConfigServletWebServerApplicationContext@75d6876b: startup date [Fri May 10 09:31:47 CST 2019]; root of context hierarchy] and template loader path [classpath:/templates/]
2019-05-10 09:31:51,633 [INFO] [restartedMain] o.s.web.servlet.view.freemarker.FreeMarkerConfigurer [FreeMarkerConfigurer.java : 131] ClassTemplateLoader for Spring macros added to FreeMarker configuration
2019-05-10 09:31:51,782 [INFO] [restartedMain] o.s.boot.devtools.autoconfigure.OptionalLiveReloadServer [OptionalLiveReloadServer.java : 57] LiveReload server is running on port 35729
2019-05-10 09:31:51,817 [INFO] [restartedMain] o.s.jmx.export.annotation.AnnotationMBeanExporter [MBeanExporter.java : 433] Registering beans for JMX exposure on startup
2019-05-10 09:31:51,818 [INFO] [restartedMain] o.s.jmx.export.annotation.AnnotationMBeanExporter [MBeanExporter.java : 895] Bean with name 'statFilter' has been autodetected for JMX exposure
2019-05-10 09:31:51,819 [INFO] [restartedMain] o.s.jmx.export.annotation.AnnotationMBeanExporter [MBeanExporter.java : 895] Bean with name 'dataSource' has been autodetected for JMX exposure
2019-05-10 09:31:51,823 [INFO] [restartedMain] o.s.jmx.export.annotation.AnnotationMBeanExporter [MBeanExporter.java : 668] Located MBean 'dataSource': registering with JMX server as MBean [com.alibaba.druid.spring.boot.autoconfigure:name=dataSource,type=DruidDataSourceWrapper]
2019-05-10 09:31:51,824 [INFO] [restartedMain] o.s.jmx.export.annotation.AnnotationMBeanExporter [MBeanExporter.java : 668] Located MBean 'statFilter': registering with JMX server as MBean [com.alibaba.druid.filter.stat:name=statFilter,type=StatFilter]
2019-05-10 09:31:51,833 [INFO] [restartedMain] o.s.s.annotation.ScheduledAnnotationBeanPostProcessor [ScheduledAnnotationBeanPostProcessor.java : 276] No TaskScheduler/ScheduledExecutorService bean found for scheduled processing
2019-05-10 09:31:51,852 [INFO] [restartedMain] s.d.spring.web.plugins.DocumentationPluginsBootstrapper [DocumentationPluginsBootstrapper.java : 84] Context refreshed
2019-05-10 09:31:51,864 [INFO] [restartedMain] s.d.spring.web.plugins.DocumentationPluginsBootstrapper [DocumentationPluginsBootstrapper.java : 87] Found 1 custom documentation plugin(s)
2019-05-10 09:31:51,871 [INFO] [restartedMain] s.d.spring.web.scanners.ApiListingReferenceScanner [ApiListingReferenceScanner.java : 44] Scanning for api listing references
2019-05-10 09:31:51,969 [INFO] [restartedMain] org.springframework.boot.web.embedded.tomcat.TomcatWebServer [TomcatWebServer.java : 206] Tomcat started on port(s): 8082 (http) with context path '/movie-recommend-api'
2019-05-10 09:31:51,972 [INFO] [restartedMain] com.zwk.movie_recommend.MovieRecommendApiApplication [StartupInfoLogger.java : 59] Started MovieRecommendApiApplication in 5.237 seconds (JVM running for 6.283)
2019-05-10 09:34:17,567 [INFO] [http-nio-8082-exec-6] o.a.c.c.C.[Tomcat].[localhost].[/movie-recommend-api] [DirectJDKLog.java : 180] Initializing Spring FrameworkServlet 'dispatcherServlet'
2019-05-10 09:34:17,567 [INFO] [http-nio-8082-exec-6] org.springframework.web.servlet.DispatcherServlet [FrameworkServlet.java : 494] FrameworkServlet 'dispatcherServlet': initialization started
2019-05-10 09:34:17,588 [INFO] [http-nio-8082-exec-6] org.springframework.web.servlet.DispatcherServlet [FrameworkServlet.java : 509] FrameworkServlet 'dispatcherServlet': initialization completed in 21 ms
2019-05-10 20:45:29,177 [INFO] [restartedMain] com.zwk.movie_recommend.MovieRecommendApiApplication [StartupInfoLogger.java : 50] Starting MovieRecommendApiApplication on SC-201811052344 with PID 1044 (A:\idea_work\movie_recommend_syetem\movie-recommend-api\target\classes started by Administrator in A:\idea_work\movie_recommend_syetem)
2019-05-10 20:45:29,182 [DEBUG] [restartedMain] com.zwk.movie_recommend.MovieRecommendApiApplication [StartupInfoLogger.java : 53] Running with Spring Boot v2.0.5.RELEASE, Spring v5.0.9.RELEASE
2019-05-10 20:45:29,184 [INFO] [restartedMain] com.zwk.movie_recommend.MovieRecommendApiApplication [SpringApplication.java : 684] The following profiles are active: dev
2019-05-10 20:45:29,285 [INFO] [restartedMain] o.s.b.w.s.c.AnnotationConfigServletWebServerApplicationContext [AbstractApplicationContext.java : 590] Refreshing org.springframework.boot.web.servlet.context.AnnotationConfigServletWebServerApplicationContext@19c85048: startup date [Fri May 10 20:45:29 CST 2019]; root of context hierarchy
2019-05-10 20:45:30,743 [INFO] [restartedMain] o.s.data.repository.config.RepositoryConfigurationDelegate [RepositoryConfigurationDelegate.java : 172] Multiple Spring Data modules found, entering strict repository configuration mode!
2019-05-10 20:45:31,203 [INFO] [restartedMain] o.s.c.s.PostProcessorRegistrationDelegate$BeanPostProcessorChecker [PostProcessorRegistrationDelegate.java : 326] Bean 'org.springframework.transaction.annotation.ProxyTransactionManagementConfiguration' of type [org.springframework.transaction.annotation.ProxyTransactionManagementConfiguration$$EnhancerBySpringCGLIB$$d8cb1237] is not eligible for getting processed by all BeanPostProcessors (for example: not eligible for auto-proxying)
2019-05-10 20:45:31,786 [INFO] [restartedMain] org.springframework.boot.web.embedded.tomcat.TomcatWebServer [TomcatWebServer.java : 91] Tomcat initialized with port(s): 8082 (http)
2019-05-10 20:45:31,808 [INFO] [restartedMain] org.apache.catalina.core.StandardService [DirectJDKLog.java : 180] Starting service [Tomcat]
2019-05-10 20:45:31,808 [INFO] [restartedMain] org.apache.catalina.core.StandardEngine [DirectJDKLog.java : 180] Starting Servlet Engine: Apache Tomcat/8.5.34
2019-05-10 20:45:31,811 [INFO] [localhost-startStop-1] org.apache.catalina.core.AprLifecycleListener [DirectJDKLog.java : 180] The APR based Apache Tomcat Native library which allows optimal performance in production environments was not found on the java.library.path: [A:\java\jdk8\bin;C:\Windows\Sun\Java\bin;C:\Windows\system32;C:\Windows;C:\Program Files (x86)\Razer\ChromaBroadcast\bin;C:\Program Files\Razer\ChromaBroadcast\bin;A:\xftp6\;C:\ProgramData\Oracle\Java\javapath;C:\Windows\system32;C:\Windows;C:\Windows\System32\Wbem;C:\Windows\System32\WindowsPowerShell\v1.0\;C:\Windows\System32\OpenSSH\;A:\java\maven\bin;A:\java\jdk7\bin;A:\svn\bin;C:\Program Files\MySQL\MySQL Utilities 1.6\;C:\Program Files (x86)\NVIDIA Corporation\PhysX\Common;C:\Program Files\nodejs\;C:\Windows\system32\config\systemprofile\AppData\Local\Microsoft\WindowsApps;C:\Users\Administrator\AppData\Local\Microsoft\WindowsApps;A:\Bandizip\;C:\Users\Administrator\AppData\Roaming\npm;.]
2019-05-10 20:45:32,105 [INFO] [localhost-startStop-1] org.apache.jasper.servlet.TldScanner [DirectJDKLog.java : 180] At least one JAR was scanned for TLDs yet contained no TLDs. Enable debug logging for this logger for a complete list of JARs that were scanned but no TLDs were found in them. Skipping unneeded JARs during scanning can improve startup time and JSP compilation time.
2019-05-10 20:45:32,111 [INFO] [localhost-startStop-1] o.a.c.c.C.[Tomcat].[localhost].[/movie-recommend-api] [DirectJDKLog.java : 180] Initializing Spring embedded WebApplicationContext
2019-05-10 20:45:32,112 [INFO] [localhost-startStop-1] org.springframework.web.context.ContextLoader [ServletWebServerApplicationContext.java : 285] Root WebApplicationContext: initialization completed in 2827 ms
2019-05-10 20:45:32,184 [INFO] [localhost-startStop-1] org.springframework.boot.web.servlet.ServletRegistrationBean [ServletRegistrationBean.java : 187] Servlet dispatcherServlet mapped to [/]
2019-05-10 20:45:32,185 [INFO] [localhost-startStop-1] org.springframework.boot.web.servlet.ServletRegistrationBean [ServletRegistrationBean.java : 187] Servlet statViewServlet mapped to [/druid/*]
2019-05-10 20:45:32,188 [INFO] [localhost-startStop-1] org.springframework.boot.web.servlet.FilterRegistrationBean [AbstractFilterRegistrationBean.java : 245] Mapping filter: 'characterEncodingFilter' to: [/*]
2019-05-10 20:45:32,188 [INFO] [localhost-startStop-1] org.springframework.boot.web.servlet.FilterRegistrationBean [AbstractFilterRegistrationBean.java : 258] Mapping filter: 'webStatFilter' to urls: [/*]
2019-05-10 20:45:32,410 [INFO] [restartedMain] c.a.d.spring.boot.autoconfigure.DruidDataSourceAutoConfigure [DruidDataSourceAutoConfigure.java : 56] Init DruidDataSource
2019-05-10 20:45:32,941 [INFO] [restartedMain] com.alibaba.druid.pool.DruidDataSource [DruidDataSource.java : 930] {dataSource-1} inited
2019-05-10 20:45:33,533 [WARN] [restartedMain] com.baomidou.mybatisplus.toolkit.TableInfoHelper [TableInfoHelper.java : 188] Warn: Could not find @TableId in Class: com.zwk.movie_recommend.entity.MovieSimilarEntity.
2019-05-10 20:45:33,534 [WARN] [restartedMain] com.baomidou.mybatisplus.mapper.AutoSqlInjector [AutoSqlInjector.java : 147] class com.zwk.movie_recommend.entity.MovieSimilarEntity ,Not found @TableId annotation, Cannot use Mybatis-Plus 'xxById' Method.
2019-05-10 20:45:34,192 [WARN] [restartedMain] o.s.b.f.annotation.AutowiredAnnotationBeanPostProcessor [AutowiredAnnotationBeanPostProcessor.java : 437] Autowired annotation is not supported on static fields: public static redis.clients.jedis.JedisPool com.zwk.movie_recommend.redis.RedisUtils.JedisPool
2019-05-10 20:45:34,538 [INFO] [restartedMain] o.s.w.s.mvc.method.annotation.RequestMappingHandlerMapping [AbstractHandlerMethodMapping.java : 549] Mapped "{[/homepage]}" onto public java.lang.String com.zwk.movie_recommend.controller.CustomerController.showHomepage(javax.servlet.http.HttpServletRequest)
2019-05-10 20:45:34,539 [INFO] [restartedMain] o.s.w.s.mvc.method.annotation.RequestMappingHandlerMapping [AbstractHandlerMethodMapping.java : 549] Mapped "{[/loadingmore],methods=[POST]}" onto public com.zwk.movie_recommend.common.ResultView com.zwk.movie_recommend.controller.CustomerController.showloadmore(javax.servlet.http.HttpServletRequest)
2019-05-10 20:45:34,540 [INFO] [restartedMain] o.s.w.s.mvc.method.annotation.RequestMappingHandlerMapping [AbstractHandlerMethodMapping.java : 549] Mapped "{[/index]}" onto public java.lang.String com.zwk.movie_recommend.controller.CustomerController.showIndex(javax.servlet.http.HttpServletRequest)
2019-05-10 20:45:34,540 [INFO] [restartedMain] o.s.w.s.mvc.method.annotation.RequestMappingHandlerMapping [AbstractHandlerMethodMapping.java : 549] Mapped "{[/likedmovie],methods=[POST]}" onto public java.lang.String com.zwk.movie_recommend.controller.CustomerController.likedmovie(javax.servlet.http.HttpServletRequest) throws java.text.ParseException
2019-05-10 20:45:34,540 [INFO] [restartedMain] o.s.w.s.mvc.method.annotation.RequestMappingHandlerMapping [AbstractHandlerMethodMapping.java : 549] Mapped "{[/getstar],methods=[POST]}" onto public java.lang.String com.zwk.movie_recommend.controller.CustomerController.getstar(javax.servlet.http.HttpServletRequest) throws java.text.ParseException
2019-05-10 20:45:34,541 [INFO] [restartedMain] o.s.w.s.mvc.method.annotation.RequestMappingHandlerMapping [AbstractHandlerMethodMapping.java : 549] Mapped "{[/getSimiMovies],methods=[POST]}" onto public com.zwk.movie_recommend.common.ResultView com.zwk.movie_recommend.controller.CustomerController.getSimiMovies(javax.servlet.http.HttpServletRequest) throws java.text.ParseException
2019-05-10 20:45:34,541 [INFO] [restartedMain] o.s.w.s.mvc.method.annotation.RequestMappingHandlerMapping [AbstractHandlerMethodMapping.java : 549] Mapped "{[/Customer/Description]}" onto public java.lang.String com.zwk.movie_recommend.controller.CustomerController.GoMoiveDescription(javax.servlet.http.HttpServletRequest)
2019-05-10 20:45:34,541 [INFO] [restartedMain] o.s.w.s.mvc.method.annotation.RequestMappingHandlerMapping [AbstractHandlerMethodMapping.java : 549] Mapped "{[/MovieDescription]}" onto public java.lang.String com.zwk.movie_recommend.controller.CustomerController.showMoiveDescription(javax.servlet.http.HttpServletRequest)
2019-05-10 20:45:34,542 [INFO] [restartedMain] o.s.w.s.mvc.method.annotation.RequestMappingHandlerMapping [AbstractHandlerMethodMapping.java : 549] Mapped "{[/typesortmovie],methods=[POST]}" onto public com.zwk.movie_recommend.common.ResultView com.zwk.movie_recommend.controller.CustomerController.showtypesortmovie(javax.servlet.http.HttpServletRequest)
2019-05-10 20:45:34,543 [INFO] [restartedMain] o.s.w.s.mvc.method.annotation.RequestMappingHandlerMapping [AbstractHandlerMethodMapping.java : 549] Mapped "{[/search],methods=[POST]}" onto public com.zwk.movie_recommend.common.ResultView com.zwk.movie_recommend.controller.MovieController.selectMoviesByName(javax.servlet.http.HttpServletRequest)
2019-05-10 20:45:34,544 [INFO] [restartedMain] o.s.w.s.mvc.method.annotation.RequestMappingHandlerMapping [AbstractHandlerMethodMapping.java : 549] Mapped "{[/customer/register],methods=[POST]}" onto public com.zwk.movie_recommend.common.ResultView com.zwk.movie_recommend.controller.RegisterController.register(com.zwk.movie_recommend.entity.UserEntity,javax.servlet.http.HttpServletRequest)
2019-05-10 20:45:34,545 [INFO] [restartedMain] o.s.w.s.mvc.method.annotation.RequestMappingHandlerMapping [AbstractHandlerMethodMapping.java : 549] Mapped "{[/customer/register]}" onto public java.lang.String com.zwk.movie_recommend.controller.RegisterController.reg(javax.servlet.http.HttpServletRequest,org.springframework.ui.Model)
2019-05-10 20:45:34,545 [INFO] [restartedMain] o.s.w.s.mvc.method.annotation.RequestMappingHandlerMapping [AbstractHandlerMethodMapping.java : 549] Mapped "{[/customer/check/{param}/{type}]}" onto public com.zwk.movie_recommend.common.ResultView com.zwk.movie_recommend.controller.RegisterController.checkData(java.lang.String,java.lang.Integer)
2019-05-10 20:45:34,546 [INFO] [restartedMain] o.s.w.s.mvc.method.annotation.RequestMappingHandlerMapping [AbstractHandlerMethodMapping.java : 549] Mapped "{[/customer/checkboth/{paramName}/{paramEmail}/{type}]}" onto public com.zwk.movie_recommend.common.ResultView com.zwk.movie_recommend.controller.RegisterController.checkDataBoth(java.lang.String,java.lang.String,java.lang.Integer)
2019-05-10 20:45:34,546 [INFO] [restartedMain] o.s.w.s.mvc.method.annotation.RequestMappingHandlerMapping [AbstractHandlerMethodMapping.java : 549] Mapped "{[/sendCode]}" onto public com.zwk.movie_recommend.common.ResultView com.zwk.movie_recommend.controller.RegisterController.sendCode(java.lang.String,javax.servlet.http.HttpServletRequest)
2019-05-10 20:45:34,549 [INFO] [restartedMain] o.s.w.s.mvc.method.annotation.RequestMappingHandlerMapping [AbstractHandlerMethodMapping.java : 549] Mapped "{[/tag/tagList]}" onto public com.zwk.movie_recommend.common.ResultView com.zwk.movie_recommend.controller.TagController.tagList(javax.servlet.http.HttpServletRequest)
2019-05-10 20:45:34,550 [INFO] [restartedMain] o.s.w.s.mvc.method.annotation.RequestMappingHandlerMapping [AbstractHandlerMethodMapping.java : 549] Mapped "{[/page/login]}" onto public java.lang.String com.zwk.movie_recommend.controller.UserController.log()
2019-05-10 20:45:34,551 [INFO] [restartedMain] o.s.w.s.mvc.method.annotation.RequestMappingHandlerMapping [AbstractHandlerMethodMapping.java : 549] Mapped "{[/customer/login]}" onto public com.zwk.movie_recommend.common.ResultView com.zwk.movie_recommend.controller.UserController.login(java.lang.String,java.lang.String,javax.servlet.http.HttpServletRequest) throws java.text.ParseException
2019-05-10 20:45:34,551 [INFO] [restartedMain] o.s.w.s.mvc.method.annotation.RequestMappingHandlerMapping [AbstractHandlerMethodMapping.java : 549] Mapped "{[/home]}" onto public java.lang.String com.zwk.movie_recommend.controller.UserController.toHome()
2019-05-10 20:45:34,552 [INFO] [restartedMain] o.s.w.s.mvc.method.annotation.RequestMappingHandlerMapping [AbstractHandlerMethodMapping.java : 549] Mapped "{[/updateUser]}" onto public com.zwk.movie_recommend.common.ResultView com.zwk.movie_recommend.controller.UserController.updateUser(com.zwk.movie_recommend.entity.UserEntity,javax.servlet.http.HttpServletRequest)
2019-05-10 20:45:34,552 [INFO] [restartedMain] o.s.w.s.mvc.method.annotation.RequestMappingHandlerMapping [AbstractHandlerMethodMapping.java : 549] Mapped "{[/customer/logout]}" onto public java.lang.String com.zwk.movie_recommend.controller.UserController.pagelogout(javax.servlet.http.HttpServletRequest)
2019-05-10 20:45:34,553 [INFO] [restartedMain] o.s.w.s.mvc.method.annotation.RequestMappingHandlerMapping [AbstractHandlerMethodMapping.java : 549] Mapped "{[/customer/register/movieSubmit],methods=[POST]}" onto public java.lang.String com.zwk.movie_recommend.controller.UserController.selectedMovie(java.lang.String,javax.servlet.http.HttpServletRequest)
2019-05-10 20:45:34,554 [INFO] [restartedMain] o.s.w.s.mvc.method.annotation.RequestMappingHandlerMapping [AbstractHandlerMethodMapping.java : 549] Mapped "{[/profile]}" onto public java.lang.String com.zwk.movie_recommend.controller.UserController.showProfie()
2019-05-10 20:45:34,554 [INFO] [restartedMain] o.s.w.s.mvc.method.annotation.RequestMappingHandlerMapping [AbstractHandlerMethodMapping.java : 549] Mapped "{[/customer/profile]}" onto public java.lang.String com.zwk.movie_recommend.controller.UserController.goProfile(javax.servlet.http.HttpServletRequest)
2019-05-10 20:45:34,555 [INFO] [restartedMain] o.s.w.s.mvc.method.annotation.RequestMappingHandlerMapping [AbstractHandlerMethodMapping.java : 549] Mapped "{[/editUser]}" onto public com.zwk.movie_recommend.common.ResultView com.zwk.movie_recommend.controller.UserController.editUser(java.lang.Long,javax.servlet.http.HttpServletRequest)
2019-05-10 20:45:34,555 [INFO] [restartedMain] o.s.w.s.mvc.method.annotation.RequestMappingHandlerMapping [AbstractHandlerMethodMapping.java : 549] Mapped "{[/likedTags],methods=[POST]}" onto public java.lang.String com.zwk.movie_recommend.controller.UserTagController.likedmovie(javax.servlet.http.HttpServletRequest) throws java.text.ParseException
2019-05-10 20:45:34,557 [INFO] [restartedMain] o.s.w.s.mvc.method.annotation.RequestMappingHandlerMapping [AbstractHandlerMethodMapping.java : 549] Mapped "{[/v2/api-docs],methods=[GET],produces=[application/json || application/hal+json]}" onto public org.springframework.http.ResponseEntity<springfox.documentation.spring.web.json.Json> springfox.documentation.swagger2.web.Swagger2Controller.getDocumentation(java.lang.String,javax.servlet.http.HttpServletRequest)
2019-05-10 20:45:34,561 [INFO] [restartedMain] o.s.w.s.mvc.method.annotation.RequestMappingHandlerMapping [AbstractHandlerMethodMapping.java : 549] Mapped "{[/configuration/security]}" onto org.springframework.http.ResponseEntity<springfox.documentation.swagger.web.SecurityConfiguration> springfox.documentation.swagger.web.ApiResourceController.securityConfiguration()
2019-05-10 20:45:34,562 [INFO] [restartedMain] o.s.w.s.mvc.method.annotation.RequestMappingHandlerMapping [AbstractHandlerMethodMapping.java : 549] Mapped "{[/configuration/ui]}" onto org.springframework.http.ResponseEntity<springfox.documentation.swagger.web.UiConfiguration> springfox.documentation.swagger.web.ApiResourceController.uiConfiguration()
2019-05-10 20:45:34,563 [INFO] [restartedMain] o.s.w.s.mvc.method.annotation.RequestMappingHandlerMapping [AbstractHandlerMethodMapping.java : 549] Mapped "{[/swagger-resources]}" onto org.springframework.http.ResponseEntity<java.util.List<springfox.documentation.swagger.web.SwaggerResource>> springfox.documentation.swagger.web.ApiResourceController.swaggerResources()
2019-05-10 20:45:34,567 [INFO] [restartedMain] o.s.w.s.mvc.method.annotation.RequestMappingHandlerMapping [AbstractHandlerMethodMapping.java : 549] Mapped "{[/error]}" onto public org.springframework.http.ResponseEntity<java.util.Map<java.lang.String, java.lang.Object>> org.springframework.boot.autoconfigure.web.servlet.error.BasicErrorController.error(javax.servlet.http.HttpServletRequest)
2019-05-10 20:45:34,569 [INFO] [restartedMain] o.s.w.s.mvc.method.annotation.RequestMappingHandlerMapping [AbstractHandlerMethodMapping.java : 549] Mapped "{[/error],produces=[text/html]}" onto public org.springframework.web.servlet.ModelAndView org.springframework.boot.autoconfigure.web.servlet.error.BasicErrorController.errorHtml(javax.servlet.http.HttpServletRequest,javax.servlet.http.HttpServletResponse)
2019-05-10 20:45:34,669 [INFO] [restartedMain] com.zwk.movie_recommend.config.RedisConfig [RedisConfig.java : 47] ===================JedisPool注入成功===================
2019-05-10 20:45:34,670 [INFO] [restartedMain] com.zwk.movie_recommend.config.RedisConfig [RedisConfig.java : 48] ============redis地址：192.168.225.141:6379===========
2019-05-10 20:45:34,680 [INFO] [restartedMain] com.zwk.movie_recommend.config.RedisConfig [RedisConfig.java : 62] ===================redis初始化!!!===================
2019-05-10 20:45:34,710 [INFO] [restartedMain] o.s.web.servlet.handler.SimpleUrlHandlerMapping [AbstractUrlHandlerMapping.java : 360] Root mapping to handler of type [class org.springframework.web.servlet.mvc.ParameterizableViewController]
2019-05-10 20:45:34,948 [INFO] [restartedMain] o.s.w.s.mvc.method.annotation.RequestMappingHandlerAdapter [RequestMappingHandlerAdapter.java : 588] Looking for @ControllerAdvice: org.springframework.boot.web.servlet.context.AnnotationConfigServletWebServerApplicationContext@19c85048: startup date [Fri May 10 20:45:29 CST 2019]; root of context hierarchy
2019-05-10 20:45:35,087 [INFO] [restartedMain] o.s.w.s.m.m.annotation.ExceptionHandlerExceptionResolver [ExceptionHandlerExceptionResolver.java : 288] Detected @ExceptionHandler methods in baseException
2019-05-10 20:45:35,949 [INFO] [restartedMain] org.springframework.ui.freemarker.SpringTemplateLoader [SpringTemplateLoader.java : 62] SpringTemplateLoader for FreeMarker: using resource loader [org.springframework.boot.web.servlet.context.AnnotationConfigServletWebServerApplicationContext@19c85048: startup date [Fri May 10 20:45:29 CST 2019]; root of context hierarchy] and template loader path [classpath:/templates/]
2019-05-10 20:45:35,950 [INFO] [restartedMain] o.s.web.servlet.view.freemarker.FreeMarkerConfigurer [FreeMarkerConfigurer.java : 131] ClassTemplateLoader for Spring macros added to FreeMarker configuration
2019-05-10 20:45:36,172 [INFO] [restartedMain] o.s.boot.devtools.autoconfigure.OptionalLiveReloadServer [OptionalLiveReloadServer.java : 57] LiveReload server is running on port 35729
2019-05-10 20:45:36,223 [INFO] [restartedMain] o.s.jmx.export.annotation.AnnotationMBeanExporter [MBeanExporter.java : 433] Registering beans for JMX exposure on startup
2019-05-10 20:45:36,225 [INFO] [restartedMain] o.s.jmx.export.annotation.AnnotationMBeanExporter [MBeanExporter.java : 895] Bean with name 'statFilter' has been autodetected for JMX exposure
2019-05-10 20:45:36,225 [INFO] [restartedMain] o.s.jmx.export.annotation.AnnotationMBeanExporter [MBeanExporter.java : 895] Bean with name 'dataSource' has been autodetected for JMX exposure
2019-05-10 20:45:36,231 [INFO] [restartedMain] o.s.jmx.export.annotation.AnnotationMBeanExporter [MBeanExporter.java : 668] Located MBean 'dataSource': registering with JMX server as MBean [com.alibaba.druid.spring.boot.autoconfigure:name=dataSource,type=DruidDataSourceWrapper]
2019-05-10 20:45:36,234 [INFO] [restartedMain] o.s.jmx.export.annotation.AnnotationMBeanExporter [MBeanExporter.java : 668] Located MBean 'statFilter': registering with JMX server as MBean [com.alibaba.druid.filter.stat:name=statFilter,type=StatFilter]
2019-05-10 20:45:36,247 [INFO] [restartedMain] o.s.s.annotation.ScheduledAnnotationBeanPostProcessor [ScheduledAnnotationBeanPostProcessor.java : 276] No TaskScheduler/ScheduledExecutorService bean found for scheduled processing
2019-05-10 20:45:36,252 [INFO] [restartedMain] s.d.spring.web.plugins.DocumentationPluginsBootstrapper [DocumentationPluginsBootstrapper.java : 84] Context refreshed
2019-05-10 20:45:36,263 [INFO] [restartedMain] s.d.spring.web.plugins.DocumentationPluginsBootstrapper [DocumentationPluginsBootstrapper.java : 87] Found 1 custom documentation plugin(s)
2019-05-10 20:45:36,272 [INFO] [restartedMain] s.d.spring.web.scanners.ApiListingReferenceScanner [ApiListingReferenceScanner.java : 44] Scanning for api listing references
2019-05-10 20:45:36,404 [INFO] [restartedMain] org.springframework.boot.web.embedded.tomcat.TomcatWebServer [TomcatWebServer.java : 206] Tomcat started on port(s): 8082 (http) with context path '/movie-recommend-api'
2019-05-10 20:45:36,409 [INFO] [restartedMain] com.zwk.movie_recommend.MovieRecommendApiApplication [StartupInfoLogger.java : 59] Started MovieRecommendApiApplication in 7.792 seconds (JVM running for 10.753)
2019-05-10 20:45:55,041 [INFO] [http-nio-8082-exec-1] o.a.c.c.C.[Tomcat].[localhost].[/movie-recommend-api] [DirectJDKLog.java : 180] Initializing Spring FrameworkServlet 'dispatcherServlet'
2019-05-10 20:45:55,041 [INFO] [http-nio-8082-exec-1] org.springframework.web.servlet.DispatcherServlet [FrameworkServlet.java : 494] FrameworkServlet 'dispatcherServlet': initialization started
2019-05-10 20:45:55,076 [INFO] [http-nio-8082-exec-1] org.springframework.web.servlet.DispatcherServlet [FrameworkServlet.java : 509] FrameworkServlet 'dispatcherServlet': initialization completed in 35 ms
2019-05-10 20:45:55,149 [ERROR] [http-nio-8082-exec-1] o.a.c.c.C.[.[.[/movie-recommend-api].[dispatcherServlet] [DirectJDKLog.java : 182] Servlet.service() for servlet [dispatcherServlet] in context with path [/movie-recommend-api] threw exception [Could not resolve view with name 'login' in servlet with name 'dispatcherServlet'] with root cause
javax.servlet.ServletException: Could not resolve view with name 'login' in servlet with name 'dispatcherServlet'
	at org.springframework.web.servlet.DispatcherServlet.render(DispatcherServlet.java:1305)
	at org.springframework.web.servlet.DispatcherServlet.processDispatchResult(DispatcherServlet.java:1069)
	at org.springframework.web.servlet.DispatcherServlet.doDispatch(DispatcherServlet.java:1008)
	at org.springframework.web.servlet.DispatcherServlet.doService(DispatcherServlet.java:925)
	at org.springframework.web.servlet.FrameworkServlet.processRequest(FrameworkServlet.java:974)
	at org.springframework.web.servlet.FrameworkServlet.doGet(FrameworkServlet.java:866)
	at javax.servlet.http.HttpServlet.service(HttpServlet.java:635)
	at org.springframework.web.servlet.FrameworkServlet.service(FrameworkServlet.java:851)
	at javax.servlet.http.HttpServlet.service(HttpServlet.java:742)
	at org.apache.catalina.core.ApplicationFilterChain.internalDoFilter(ApplicationFilterChain.java:231)
	at org.apache.catalina.core.ApplicationFilterChain.doFilter(ApplicationFilterChain.java:166)
	at org.apache.tomcat.websocket.server.WsFilter.doFilter(WsFilter.java:52)
	at org.apache.catalina.core.ApplicationFilterChain.internalDoFilter(ApplicationFilterChain.java:193)
	at org.apache.catalina.core.ApplicationFilterChain.doFilter(ApplicationFilterChain.java:166)
	at com.alibaba.druid.support.http.WebStatFilter.doFilter(WebStatFilter.java:123)
	at org.apache.catalina.core.ApplicationFilterChain.internalDoFilter(ApplicationFilterChain.java:193)
	at org.apache.catalina.core.ApplicationFilterChain.doFilter(ApplicationFilterChain.java:166)
	at org.springframework.web.filter.CharacterEncodingFilter.doFilterInternal(CharacterEncodingFilter.java:200)
	at org.springframework.web.filter.OncePerRequestFilter.doFilter(OncePerRequestFilter.java:107)
	at org.apache.catalina.core.ApplicationFilterChain.internalDoFilter(ApplicationFilterChain.java:193)
	at org.apache.catalina.core.ApplicationFilterChain.doFilter(ApplicationFilterChain.java:166)
	at org.apache.catalina.core.StandardWrapperValve.invoke(StandardWrapperValve.java:198)
	at org.apache.catalina.core.StandardContextValve.invoke(StandardContextValve.java:96)
	at org.apache.catalina.authenticator.AuthenticatorBase.invoke(AuthenticatorBase.java:493)
	at org.apache.catalina.core.StandardHostValve.invoke(StandardHostValve.java:140)
	at org.apache.catalina.valves.ErrorReportValve.invoke(ErrorReportValve.java:81)
	at org.apache.catalina.core.StandardEngineValve.invoke(StandardEngineValve.java:87)
	at org.apache.catalina.connector.CoyoteAdapter.service(CoyoteAdapter.java:342)
	at org.apache.coyote.http11.Http11Processor.service(Http11Processor.java:800)
	at org.apache.coyote.AbstractProcessorLight.process(AbstractProcessorLight.java:66)
	at org.apache.coyote.AbstractProtocol$ConnectionHandler.process(AbstractProtocol.java:806)
	at org.apache.tomcat.util.net.NioEndpoint$SocketProcessor.doRun(NioEndpoint.java:1498)
	at org.apache.tomcat.util.net.SocketProcessorBase.run(SocketProcessorBase.java:49)
	at java.util.concurrent.ThreadPoolExecutor.runWorker(ThreadPoolExecutor.java:1149)
	at java.util.concurrent.ThreadPoolExecutor$Worker.run(ThreadPoolExecutor.java:624)
	at org.apache.tomcat.util.threads.TaskThread$WrappingRunnable.run(TaskThread.java:61)
	at java.lang.Thread.run(Thread.java:748)
2019-05-10 20:46:55,035 [INFO] [restartedMain] com.zwk.movie_recommend.MovieRecommendApiApplication [StartupInfoLogger.java : 50] Starting MovieRecommendApiApplication on SC-201811052344 with PID 1112 (A:\idea_work\movie_recommend_syetem\movie-recommend-api\target\classes started by Administrator in A:\idea_work\movie_recommend_syetem)
2019-05-10 20:46:55,041 [DEBUG] [restartedMain] com.zwk.movie_recommend.MovieRecommendApiApplication [StartupInfoLogger.java : 53] Running with Spring Boot v2.0.5.RELEASE, Spring v5.0.9.RELEASE
2019-05-10 20:46:55,043 [INFO] [restartedMain] com.zwk.movie_recommend.MovieRecommendApiApplication [SpringApplication.java : 684] The following profiles are active: dev
2019-05-10 20:46:55,199 [INFO] [restartedMain] o.s.b.w.s.c.AnnotationConfigServletWebServerApplicationContext [AbstractApplicationContext.java : 590] Refreshing org.springframework.boot.web.servlet.context.AnnotationConfigServletWebServerApplicationContext@37a06282: startup date [Fri May 10 20:46:55 CST 2019]; root of context hierarchy
2019-05-10 20:46:56,667 [INFO] [restartedMain] o.s.data.repository.config.RepositoryConfigurationDelegate [RepositoryConfigurationDelegate.java : 172] Multiple Spring Data modules found, entering strict repository configuration mode!
2019-05-10 20:46:57,238 [INFO] [restartedMain] o.s.c.s.PostProcessorRegistrationDelegate$BeanPostProcessorChecker [PostProcessorRegistrationDelegate.java : 326] Bean 'org.springframework.transaction.annotation.ProxyTransactionManagementConfiguration' of type [org.springframework.transaction.annotation.ProxyTransactionManagementConfiguration$$EnhancerBySpringCGLIB$$c5b2d57e] is not eligible for getting processed by all BeanPostProcessors (for example: not eligible for auto-proxying)
2019-05-10 20:46:58,053 [INFO] [restartedMain] org.springframework.boot.web.embedded.tomcat.TomcatWebServer [TomcatWebServer.java : 91] Tomcat initialized with port(s): 8082 (http)
2019-05-10 20:46:58,078 [INFO] [restartedMain] org.apache.catalina.core.StandardService [DirectJDKLog.java : 180] Starting service [Tomcat]
2019-05-10 20:46:58,078 [INFO] [restartedMain] org.apache.catalina.core.StandardEngine [DirectJDKLog.java : 180] Starting Servlet Engine: Apache Tomcat/8.5.34
2019-05-10 20:46:58,084 [INFO] [localhost-startStop-1] org.apache.catalina.core.AprLifecycleListener [DirectJDKLog.java : 180] The APR based Apache Tomcat Native library which allows optimal performance in production environments was not found on the java.library.path: [A:\java\jdk8\bin;C:\Windows\Sun\Java\bin;C:\Windows\system32;C:\Windows;C:\Program Files (x86)\Razer\ChromaBroadcast\bin;C:\Program Files\Razer\ChromaBroadcast\bin;A:\xftp6\;C:\ProgramData\Oracle\Java\javapath;C:\Windows\system32;C:\Windows;C:\Windows\System32\Wbem;C:\Windows\System32\WindowsPowerShell\v1.0\;C:\Windows\System32\OpenSSH\;A:\java\maven\bin;A:\java\jdk7\bin;A:\svn\bin;C:\Program Files\MySQL\MySQL Utilities 1.6\;C:\Program Files (x86)\NVIDIA Corporation\PhysX\Common;C:\Program Files\nodejs\;C:\Windows\system32\config\systemprofile\AppData\Local\Microsoft\WindowsApps;C:\Users\Administrator\AppData\Local\Microsoft\WindowsApps;A:\Bandizip\;C:\Users\Administrator\AppData\Roaming\npm;.]
2019-05-10 20:46:58,455 [INFO] [localhost-startStop-1] org.apache.jasper.servlet.TldScanner [DirectJDKLog.java : 180] At least one JAR was scanned for TLDs yet contained no TLDs. Enable debug logging for this logger for a complete list of JARs that were scanned but no TLDs were found in them. Skipping unneeded JARs during scanning can improve startup time and JSP compilation time.
2019-05-10 20:46:58,467 [INFO] [localhost-startStop-1] o.a.c.c.C.[Tomcat].[localhost].[/movie-recommend-api] [DirectJDKLog.java : 180] Initializing Spring embedded WebApplicationContext
2019-05-10 20:46:58,469 [INFO] [localhost-startStop-1] org.springframework.web.context.ContextLoader [ServletWebServerApplicationContext.java : 285] Root WebApplicationContext: initialization completed in 3271 ms
2019-05-10 20:46:58,777 [INFO] [localhost-startStop-1] org.springframework.boot.web.servlet.ServletRegistrationBean [ServletRegistrationBean.java : 187] Servlet dispatcherServlet mapped to [/]
2019-05-10 20:46:58,781 [INFO] [localhost-startStop-1] org.springframework.boot.web.servlet.ServletRegistrationBean [ServletRegistrationBean.java : 187] Servlet statViewServlet mapped to [/druid/*]
2019-05-10 20:46:58,788 [INFO] [localhost-startStop-1] org.springframework.boot.web.servlet.FilterRegistrationBean [AbstractFilterRegistrationBean.java : 245] Mapping filter: 'characterEncodingFilter' to: [/*]
2019-05-10 20:46:58,789 [INFO] [localhost-startStop-1] org.springframework.boot.web.servlet.FilterRegistrationBean [AbstractFilterRegistrationBean.java : 245] Mapping filter: 'hiddenHttpMethodFilter' to: [/*]
2019-05-10 20:46:58,789 [INFO] [localhost-startStop-1] org.springframework.boot.web.servlet.FilterRegistrationBean [AbstractFilterRegistrationBean.java : 245] Mapping filter: 'httpPutFormContentFilter' to: [/*]
2019-05-10 20:46:58,789 [INFO] [localhost-startStop-1] org.springframework.boot.web.servlet.FilterRegistrationBean [AbstractFilterRegistrationBean.java : 245] Mapping filter: 'requestContextFilter' to: [/*]
2019-05-10 20:46:58,790 [INFO] [localhost-startStop-1] org.springframework.boot.web.servlet.FilterRegistrationBean [AbstractFilterRegistrationBean.java : 258] Mapping filter: 'webStatFilter' to urls: [/*]
2019-05-10 20:46:59,212 [INFO] [restartedMain] c.a.d.spring.boot.autoconfigure.DruidDataSourceAutoConfigure [DruidDataSourceAutoConfigure.java : 56] Init DruidDataSource
2019-05-10 20:46:59,651 [INFO] [restartedMain] com.alibaba.druid.pool.DruidDataSource [DruidDataSource.java : 930] {dataSource-1} inited
2019-05-10 20:47:00,131 [WARN] [restartedMain] com.baomidou.mybatisplus.toolkit.TableInfoHelper [TableInfoHelper.java : 188] Warn: Could not find @TableId in Class: com.zwk.movie_recommend.entity.MovieSimilarEntity.
2019-05-10 20:47:00,132 [WARN] [restartedMain] com.baomidou.mybatisplus.mapper.AutoSqlInjector [AutoSqlInjector.java : 147] class com.zwk.movie_recommend.entity.MovieSimilarEntity ,Not found @TableId annotation, Cannot use Mybatis-Plus 'xxById' Method.
2019-05-10 20:47:00,773 [WARN] [restartedMain] o.s.b.f.annotation.AutowiredAnnotationBeanPostProcessor [AutowiredAnnotationBeanPostProcessor.java : 437] Autowired annotation is not supported on static fields: public static redis.clients.jedis.JedisPool com.zwk.movie_recommend.redis.RedisUtils.JedisPool
2019-05-10 20:47:01,278 [INFO] [restartedMain] o.s.w.s.mvc.method.annotation.RequestMappingHandlerMapping [AbstractHandlerMethodMapping.java : 549] Mapped "{[/index]}" onto public java.lang.String com.zwk.movie_recommend.controller.CustomerController.showIndex(javax.servlet.http.HttpServletRequest)
2019-05-10 20:47:01,279 [INFO] [restartedMain] o.s.w.s.mvc.method.annotation.RequestMappingHandlerMapping [AbstractHandlerMethodMapping.java : 549] Mapped "{[/getstar],methods=[POST]}" onto public java.lang.String com.zwk.movie_recommend.controller.CustomerController.getstar(javax.servlet.http.HttpServletRequest) throws java.text.ParseException
2019-05-10 20:47:01,279 [INFO] [restartedMain] o.s.w.s.mvc.method.annotation.RequestMappingHandlerMapping [AbstractHandlerMethodMapping.java : 549] Mapped "{[/likedmovie],methods=[POST]}" onto public java.lang.String com.zwk.movie_recommend.controller.CustomerController.likedmovie(javax.servlet.http.HttpServletRequest) throws java.text.ParseException
2019-05-10 20:47:01,280 [INFO] [restartedMain] o.s.w.s.mvc.method.annotation.RequestMappingHandlerMapping [AbstractHandlerMethodMapping.java : 549] Mapped "{[/loadingmore],methods=[POST]}" onto public com.zwk.movie_recommend.common.ResultView com.zwk.movie_recommend.controller.CustomerController.showloadmore(javax.servlet.http.HttpServletRequest)
2019-05-10 20:47:01,280 [INFO] [restartedMain] o.s.w.s.mvc.method.annotation.RequestMappingHandlerMapping [AbstractHandlerMethodMapping.java : 549] Mapped "{[/getSimiMovies],methods=[POST]}" onto public com.zwk.movie_recommend.common.ResultView com.zwk.movie_recommend.controller.CustomerController.getSimiMovies(javax.servlet.http.HttpServletRequest) throws java.text.ParseException
2019-05-10 20:47:01,280 [INFO] [restartedMain] o.s.w.s.mvc.method.annotation.RequestMappingHandlerMapping [AbstractHandlerMethodMapping.java : 549] Mapped "{[/homepage]}" onto public java.lang.String com.zwk.movie_recommend.controller.CustomerController.showHomepage(javax.servlet.http.HttpServletRequest)
2019-05-10 20:47:01,281 [INFO] [restartedMain] o.s.w.s.mvc.method.annotation.RequestMappingHandlerMapping [AbstractHandlerMethodMapping.java : 549] Mapped "{[/MovieDescription]}" onto public java.lang.String com.zwk.movie_recommend.controller.CustomerController.showMoiveDescription(javax.servlet.http.HttpServletRequest)
2019-05-10 20:47:01,281 [INFO] [restartedMain] o.s.w.s.mvc.method.annotation.RequestMappingHandlerMapping [AbstractHandlerMethodMapping.java : 549] Mapped "{[/typesortmovie],methods=[POST]}" onto public com.zwk.movie_recommend.common.ResultView com.zwk.movie_recommend.controller.CustomerController.showtypesortmovie(javax.servlet.http.HttpServletRequest)
2019-05-10 20:47:01,281 [INFO] [restartedMain] o.s.w.s.mvc.method.annotation.RequestMappingHandlerMapping [AbstractHandlerMethodMapping.java : 549] Mapped "{[/Customer/Description]}" onto public java.lang.String com.zwk.movie_recommend.controller.CustomerController.GoMoiveDescription(javax.servlet.http.HttpServletRequest)
2019-05-10 20:47:01,282 [INFO] [restartedMain] o.s.w.s.mvc.method.annotation.RequestMappingHandlerMapping [AbstractHandlerMethodMapping.java : 549] Mapped "{[/search],methods=[POST]}" onto public com.zwk.movie_recommend.common.ResultView com.zwk.movie_recommend.controller.MovieController.selectMoviesByName(javax.servlet.http.HttpServletRequest)
2019-05-10 20:47:01,283 [INFO] [restartedMain] o.s.w.s.mvc.method.annotation.RequestMappingHandlerMapping [AbstractHandlerMethodMapping.java : 549] Mapped "{[/customer/register],methods=[POST]}" onto public com.zwk.movie_recommend.common.ResultView com.zwk.movie_recommend.controller.RegisterController.register(com.zwk.movie_recommend.entity.UserEntity,javax.servlet.http.HttpServletRequest)
2019-05-10 20:47:01,283 [INFO] [restartedMain] o.s.w.s.mvc.method.annotation.RequestMappingHandlerMapping [AbstractHandlerMethodMapping.java : 549] Mapped "{[/customer/check/{param}/{type}]}" onto public com.zwk.movie_recommend.common.ResultView com.zwk.movie_recommend.controller.RegisterController.checkData(java.lang.String,java.lang.Integer)
2019-05-10 20:47:01,283 [INFO] [restartedMain] o.s.w.s.mvc.method.annotation.RequestMappingHandlerMapping [AbstractHandlerMethodMapping.java : 549] Mapped "{[/customer/register]}" onto public java.lang.String com.zwk.movie_recommend.controller.RegisterController.reg(javax.servlet.http.HttpServletRequest,org.springframework.ui.Model)
2019-05-10 20:47:01,284 [INFO] [restartedMain] o.s.w.s.mvc.method.annotation.RequestMappingHandlerMapping [AbstractHandlerMethodMapping.java : 549] Mapped "{[/sendCode]}" onto public com.zwk.movie_recommend.common.ResultView com.zwk.movie_recommend.controller.RegisterController.sendCode(java.lang.String,javax.servlet.http.HttpServletRequest)
2019-05-10 20:47:01,284 [INFO] [restartedMain] o.s.w.s.mvc.method.annotation.RequestMappingHandlerMapping [AbstractHandlerMethodMapping.java : 549] Mapped "{[/customer/checkboth/{paramName}/{paramEmail}/{type}]}" onto public com.zwk.movie_recommend.common.ResultView com.zwk.movie_recommend.controller.RegisterController.checkDataBoth(java.lang.String,java.lang.String,java.lang.Integer)
2019-05-10 20:47:01,286 [INFO] [restartedMain] o.s.w.s.mvc.method.annotation.RequestMappingHandlerMapping [AbstractHandlerMethodMapping.java : 549] Mapped "{[/tag/tagList]}" onto public com.zwk.movie_recommend.common.ResultView com.zwk.movie_recommend.controller.TagController.tagList(javax.servlet.http.HttpServletRequest)
2019-05-10 20:47:01,288 [INFO] [restartedMain] o.s.w.s.mvc.method.annotation.RequestMappingHandlerMapping [AbstractHandlerMethodMapping.java : 549] Mapped "{[/page/login]}" onto public java.lang.String com.zwk.movie_recommend.controller.UserController.log()
2019-05-10 20:47:01,288 [INFO] [restartedMain] o.s.w.s.mvc.method.annotation.RequestMappingHandlerMapping [AbstractHandlerMethodMapping.java : 549] Mapped "{[/customer/logout]}" onto public java.lang.String com.zwk.movie_recommend.controller.UserController.pagelogout(javax.servlet.http.HttpServletRequest)
2019-05-10 20:47:01,289 [INFO] [restartedMain] o.s.w.s.mvc.method.annotation.RequestMappingHandlerMapping [AbstractHandlerMethodMapping.java : 549] Mapped "{[/home]}" onto public java.lang.String com.zwk.movie_recommend.controller.UserController.toHome()
2019-05-10 20:47:01,289 [INFO] [restartedMain] o.s.w.s.mvc.method.annotation.RequestMappingHandlerMapping [AbstractHandlerMethodMapping.java : 549] Mapped "{[/customer/register/movieSubmit],methods=[POST]}" onto public java.lang.String com.zwk.movie_recommend.controller.UserController.selectedMovie(java.lang.String,javax.servlet.http.HttpServletRequest)
2019-05-10 20:47:01,289 [INFO] [restartedMain] o.s.w.s.mvc.method.annotation.RequestMappingHandlerMapping [AbstractHandlerMethodMapping.java : 549] Mapped "{[/editUser]}" onto public com.zwk.movie_recommend.common.ResultView com.zwk.movie_recommend.controller.UserController.editUser(java.lang.Long,javax.servlet.http.HttpServletRequest)
2019-05-10 20:47:01,290 [INFO] [restartedMain] o.s.w.s.mvc.method.annotation.RequestMappingHandlerMapping [AbstractHandlerMethodMapping.java : 549] Mapped "{[/customer/profile]}" onto public java.lang.String com.zwk.movie_recommend.controller.UserController.goProfile(javax.servlet.http.HttpServletRequest)
2019-05-10 20:47:01,290 [INFO] [restartedMain] o.s.w.s.mvc.method.annotation.RequestMappingHandlerMapping [AbstractHandlerMethodMapping.java : 549] Mapped "{[/updateUser]}" onto public com.zwk.movie_recommend.common.ResultView com.zwk.movie_recommend.controller.UserController.updateUser(com.zwk.movie_recommend.entity.UserEntity,javax.servlet.http.HttpServletRequest)
2019-05-10 20:47:01,290 [INFO] [restartedMain] o.s.w.s.mvc.method.annotation.RequestMappingHandlerMapping [AbstractHandlerMethodMapping.java : 549] Mapped "{[/profile]}" onto public java.lang.String com.zwk.movie_recommend.controller.UserController.showProfie()
2019-05-10 20:47:01,291 [INFO] [restartedMain] o.s.w.s.mvc.method.annotation.RequestMappingHandlerMapping [AbstractHandlerMethodMapping.java : 549] Mapped "{[/customer/login]}" onto public com.zwk.movie_recommend.common.ResultView com.zwk.movie_recommend.controller.UserController.login(java.lang.String,java.lang.String,javax.servlet.http.HttpServletRequest) throws java.text.ParseException
2019-05-10 20:47:01,292 [INFO] [restartedMain] o.s.w.s.mvc.method.annotation.RequestMappingHandlerMapping [AbstractHandlerMethodMapping.java : 549] Mapped "{[/likedTags],methods=[POST]}" onto public java.lang.String com.zwk.movie_recommend.controller.UserTagController.likedmovie(javax.servlet.http.HttpServletRequest) throws java.text.ParseException
2019-05-10 20:47:01,294 [INFO] [restartedMain] o.s.w.s.mvc.method.annotation.RequestMappingHandlerMapping [AbstractHandlerMethodMapping.java : 549] Mapped "{[/v2/api-docs],methods=[GET],produces=[application/json || application/hal+json]}" onto public org.springframework.http.ResponseEntity<springfox.documentation.spring.web.json.Json> springfox.documentation.swagger2.web.Swagger2Controller.getDocumentation(java.lang.String,javax.servlet.http.HttpServletRequest)
2019-05-10 20:47:01,297 [INFO] [restartedMain] o.s.w.s.mvc.method.annotation.RequestMappingHandlerMapping [AbstractHandlerMethodMapping.java : 549] Mapped "{[/configuration/security]}" onto org.springframework.http.ResponseEntity<springfox.documentation.swagger.web.SecurityConfiguration> springfox.documentation.swagger.web.ApiResourceController.securityConfiguration()
2019-05-10 20:47:01,298 [INFO] [restartedMain] o.s.w.s.mvc.method.annotation.RequestMappingHandlerMapping [AbstractHandlerMethodMapping.java : 549] Mapped "{[/configuration/ui]}" onto org.springframework.http.ResponseEntity<springfox.documentation.swagger.web.UiConfiguration> springfox.documentation.swagger.web.ApiResourceController.uiConfiguration()
2019-05-10 20:47:01,299 [INFO] [restartedMain] o.s.w.s.mvc.method.annotation.RequestMappingHandlerMapping [AbstractHandlerMethodMapping.java : 549] Mapped "{[/swagger-resources]}" onto org.springframework.http.ResponseEntity<java.util.List<springfox.documentation.swagger.web.SwaggerResource>> springfox.documentation.swagger.web.ApiResourceController.swaggerResources()
2019-05-10 20:47:01,302 [INFO] [restartedMain] o.s.w.s.mvc.method.annotation.RequestMappingHandlerMapping [AbstractHandlerMethodMapping.java : 549] Mapped "{[/error]}" onto public org.springframework.http.ResponseEntity<java.util.Map<java.lang.String, java.lang.Object>> org.springframework.boot.autoconfigure.web.servlet.error.BasicErrorController.error(javax.servlet.http.HttpServletRequest)
2019-05-10 20:47:01,303 [INFO] [restartedMain] o.s.w.s.mvc.method.annotation.RequestMappingHandlerMapping [AbstractHandlerMethodMapping.java : 549] Mapped "{[/error],produces=[text/html]}" onto public org.springframework.web.servlet.ModelAndView org.springframework.boot.autoconfigure.web.servlet.error.BasicErrorController.errorHtml(javax.servlet.http.HttpServletRequest,javax.servlet.http.HttpServletResponse)
2019-05-10 20:47:01,436 [INFO] [restartedMain] com.zwk.movie_recommend.config.RedisConfig [RedisConfig.java : 47] ===================JedisPool注入成功===================
2019-05-10 20:47:01,436 [INFO] [restartedMain] com.zwk.movie_recommend.config.RedisConfig [RedisConfig.java : 48] ============redis地址：192.168.225.141:6379===========
2019-05-10 20:47:01,450 [INFO] [restartedMain] com.zwk.movie_recommend.config.RedisConfig [RedisConfig.java : 62] ===================redis初始化!!!===================
2019-05-10 20:47:01,638 [INFO] [restartedMain] o.s.web.servlet.handler.SimpleUrlHandlerMapping [AbstractUrlHandlerMapping.java : 373] Mapped URL path [/**/favicon.ico] onto handler of type [class org.springframework.web.servlet.resource.ResourceHttpRequestHandler]
2019-05-10 20:47:01,868 [INFO] [restartedMain] o.s.w.s.mvc.method.annotation.RequestMappingHandlerAdapter [RequestMappingHandlerAdapter.java : 588] Looking for @ControllerAdvice: org.springframework.boot.web.servlet.context.AnnotationConfigServletWebServerApplicationContext@37a06282: startup date [Fri May 10 20:46:55 CST 2019]; root of context hierarchy
2019-05-10 20:47:01,913 [INFO] [restartedMain] o.s.web.servlet.handler.SimpleUrlHandlerMapping [AbstractUrlHandlerMapping.java : 360] Root mapping to handler of type [class org.springframework.web.servlet.mvc.ParameterizableViewController]
2019-05-10 20:47:01,937 [INFO] [restartedMain] o.s.web.servlet.handler.SimpleUrlHandlerMapping [AbstractUrlHandlerMapping.java : 373] Mapped URL path [/webjars/**] onto handler of type [class org.springframework.web.servlet.resource.ResourceHttpRequestHandler]
2019-05-10 20:47:01,938 [INFO] [restartedMain] o.s.web.servlet.handler.SimpleUrlHandlerMapping [AbstractUrlHandlerMapping.java : 373] Mapped URL path [/**] onto handler of type [class org.springframework.web.servlet.resource.ResourceHttpRequestHandler]
2019-05-10 20:47:01,967 [INFO] [restartedMain] o.s.w.s.m.m.annotation.ExceptionHandlerExceptionResolver [ExceptionHandlerExceptionResolver.java : 288] Detected @ExceptionHandler methods in baseException
2019-05-10 20:47:02,411 [INFO] [restartedMain] org.springframework.ui.freemarker.SpringTemplateLoader [SpringTemplateLoader.java : 62] SpringTemplateLoader for FreeMarker: using resource loader [org.springframework.boot.web.servlet.context.AnnotationConfigServletWebServerApplicationContext@37a06282: startup date [Fri May 10 20:46:55 CST 2019]; root of context hierarchy] and template loader path [classpath:/templates/]
2019-05-10 20:47:02,416 [INFO] [restartedMain] o.s.web.servlet.view.freemarker.FreeMarkerConfigurer [FreeMarkerConfigurer.java : 131] ClassTemplateLoader for Spring macros added to FreeMarker configuration
2019-05-10 20:47:02,633 [INFO] [restartedMain] o.s.boot.devtools.autoconfigure.OptionalLiveReloadServer [OptionalLiveReloadServer.java : 57] LiveReload server is running on port 35729
2019-05-10 20:47:02,684 [INFO] [restartedMain] o.s.jmx.export.annotation.AnnotationMBeanExporter [MBeanExporter.java : 433] Registering beans for JMX exposure on startup
2019-05-10 20:47:02,686 [INFO] [restartedMain] o.s.jmx.export.annotation.AnnotationMBeanExporter [MBeanExporter.java : 895] Bean with name 'statFilter' has been autodetected for JMX exposure
2019-05-10 20:47:02,686 [INFO] [restartedMain] o.s.jmx.export.annotation.AnnotationMBeanExporter [MBeanExporter.java : 895] Bean with name 'dataSource' has been autodetected for JMX exposure
2019-05-10 20:47:02,695 [INFO] [restartedMain] o.s.jmx.export.annotation.AnnotationMBeanExporter [MBeanExporter.java : 668] Located MBean 'dataSource': registering with JMX server as MBean [com.alibaba.druid.spring.boot.autoconfigure:name=dataSource,type=DruidDataSourceWrapper]
2019-05-10 20:47:02,696 [INFO] [restartedMain] o.s.jmx.export.annotation.AnnotationMBeanExporter [MBeanExporter.java : 668] Located MBean 'statFilter': registering with JMX server as MBean [com.alibaba.druid.filter.stat:name=statFilter,type=StatFilter]
2019-05-10 20:47:02,710 [INFO] [restartedMain] o.s.s.annotation.ScheduledAnnotationBeanPostProcessor [ScheduledAnnotationBeanPostProcessor.java : 276] No TaskScheduler/ScheduledExecutorService bean found for scheduled processing
2019-05-10 20:47:02,718 [INFO] [restartedMain] s.d.spring.web.plugins.DocumentationPluginsBootstrapper [DocumentationPluginsBootstrapper.java : 84] Context refreshed
2019-05-10 20:47:02,739 [INFO] [restartedMain] s.d.spring.web.plugins.DocumentationPluginsBootstrapper [DocumentationPluginsBootstrapper.java : 87] Found 1 custom documentation plugin(s)
2019-05-10 20:47:02,754 [INFO] [restartedMain] s.d.spring.web.scanners.ApiListingReferenceScanner [ApiListingReferenceScanner.java : 44] Scanning for api listing references
2019-05-10 20:47:02,949 [INFO] [restartedMain] org.springframework.boot.web.embedded.tomcat.TomcatWebServer [TomcatWebServer.java : 206] Tomcat started on port(s): 8082 (http) with context path '/movie-recommend-api'
2019-05-10 20:47:02,955 [INFO] [restartedMain] com.zwk.movie_recommend.MovieRecommendApiApplication [StartupInfoLogger.java : 59] Started MovieRecommendApiApplication in 8.535 seconds (JVM running for 12.043)
2019-05-10 20:47:19,304 [INFO] [http-nio-8082-exec-1] o.a.c.c.C.[Tomcat].[localhost].[/movie-recommend-api] [DirectJDKLog.java : 180] Initializing Spring FrameworkServlet 'dispatcherServlet'
2019-05-10 20:47:19,304 [INFO] [http-nio-8082-exec-1] org.springframework.web.servlet.DispatcherServlet [FrameworkServlet.java : 494] FrameworkServlet 'dispatcherServlet': initialization started
2019-05-10 20:47:19,334 [INFO] [http-nio-8082-exec-1] org.springframework.web.servlet.DispatcherServlet [FrameworkServlet.java : 509] FrameworkServlet 'dispatcherServlet': initialization completed in 30 ms
